<?xml version="1.0" encoding="UTF-8"?>
<testsuite xmlns:xsi="http://www.w3.org/2001/XMLSchema-instance" xsi:noNamespaceSchemaLocation="https://maven.apache.org/surefire/maven-surefire-plugin/xsd/surefire-test-report.xsd" version="3.0.2" name="com.datadoghq.stickerlandia.stickercatalogue.StickerResourceTest" time="0.453" tests="9" errors="0" skipped="0" failures="0">
  <properties>
    <property name="java.specification.version" value="23"/>
    <property name="test.url" value="http://localhost:8081"/>
    <property name="sun.jnu.encoding" value="UTF-8"/>
    <property name="io.quarkus.security.http.test-if-basic-auth-implicitly-required" value="true"/>
    <property name="java.class.path" value="/Users/scott.gerring/Documents/code/stickerlandia/sticker-catalogue/target/test-classes:/Users/scott.gerring/Documents/code/stickerlandia/sticker-catalogue/target/classes:/Users/scott.gerring/.m2/repository/io/quarkus/quarkus-jdbc-postgresql/3.22.1/quarkus-jdbc-postgresql-3.22.1.jar:/Users/scott.gerring/.m2/repository/io/quarkus/quarkus-agroal/3.22.1/quarkus-agroal-3.22.1.jar:/Users/scott.gerring/.m2/repository/io/quarkus/quarkus-datasource/3.22.1/quarkus-datasource-3.22.1.jar:/Users/scott.gerring/.m2/repository/io/agroal/agroal-api/2.6/agroal-api-2.6.jar:/Users/scott.gerring/.m2/repository/io/agroal/agroal-narayana/2.6/agroal-narayana-2.6.jar:/Users/scott.gerring/.m2/repository/org/jboss/jboss-transaction-spi/8.0.0.Final/jboss-transaction-spi-8.0.0.Final.jar:/Users/scott.gerring/.m2/repository/io/agroal/agroal-pool/2.6/agroal-pool-2.6.jar:/Users/scott.gerring/.m2/repository/io/quarkus/quarkus-credentials/3.22.1/quarkus-credentials-3.22.1.jar:/Users/scott.gerring/.m2/repository/org/postgresql/postgresql/42.7.5/postgresql-42.7.5.jar:/Users/scott.gerring/.m2/repository/io/quarkus/quarkus-hibernate-orm/3.22.1/quarkus-hibernate-orm-3.22.1.jar:/Users/scott.gerring/.m2/repository/io/quarkus/quarkus-core/3.22.1/quarkus-core-3.22.1.jar:/Users/scott.gerring/.m2/repository/jakarta/enterprise/jakarta.enterprise.cdi-api/4.1.0/jakarta.enterprise.cdi-api-4.1.0.jar:/Users/scott.gerring/.m2/repository/jakarta/enterprise/jakarta.enterprise.lang-model/4.1.0/jakarta.enterprise.lang-model-4.1.0.jar:/Users/scott.gerring/.m2/repository/jakarta/el/jakarta.el-api/5.0.1/jakarta.el-api-5.0.1.jar:/Users/scott.gerring/.m2/repository/jakarta/interceptor/jakarta.interceptor-api/2.2.0/jakarta.interceptor-api-2.2.0.jar:/Users/scott.gerring/.m2/repository/jakarta/inject/jakarta.inject-api/2.0.1/jakarta.inject-api-2.0.1.jar:/Users/scott.gerring/.m2/repository/io/smallrye/common/smallrye-common-os/2.12.0/smallrye-common-os-2.12.0.jar:/Users/scott.gerring/.m2/repository/io/quarkus/quarkus-ide-launcher/3.22.1/quarkus-ide-launcher-3.22.1.jar:/Users/scott.gerring/.m2/repository/io/quarkus/quarkus-development-mode-spi/3.22.1/quarkus-development-mode-spi-3.22.1.jar:/Users/scott.gerring/.m2/repository/io/smallrye/config/smallrye-config/3.12.4/smallrye-config-3.12.4.jar:/Users/scott.gerring/.m2/repository/io/smallrye/config/smallrye-config-core/3.12.4/smallrye-config-core-3.12.4.jar:/Users/scott.gerring/.m2/repository/io/smallrye/config/smallrye-config-common/3.12.4/smallrye-config-common-3.12.4.jar:/Users/scott.gerring/.m2/repository/org/jboss/logging/jboss-logging/3.6.1.Final/jboss-logging-3.6.1.Final.jar:/Users/scott.gerring/.m2/repository/org/jboss/logmanager/jboss-logmanager/3.1.2.Final/jboss-logmanager-3.1.2.Final.jar:/Users/scott.gerring/.m2/repository/io/smallrye/common/smallrye-common-constraint/2.12.0/smallrye-common-constraint-2.12.0.jar:/Users/scott.gerring/.m2/repository/io/smallrye/common/smallrye-common-cpu/2.12.0/smallrye-common-cpu-2.12.0.jar:/Users/scott.gerring/.m2/repository/io/smallrye/common/smallrye-common-expression/2.12.0/smallrye-common-expression-2.12.0.jar:/Users/scott.gerring/.m2/repository/io/smallrye/common/smallrye-common-net/2.12.0/smallrye-common-net-2.12.0.jar:/Users/scott.gerring/.m2/repository/io/smallrye/common/smallrye-common-ref/2.12.0/smallrye-common-ref-2.12.0.jar:/Users/scott.gerring/.m2/repository/jakarta/json/jakarta.json-api/2.1.3/jakarta.json-api-2.1.3.jar:/Users/scott.gerring/.m2/repository/org/jboss/threads/jboss-threads/3.8.0.Final/jboss-threads-3.8.0.Final.jar:/Users/scott.gerring/.m2/repository/io/smallrye/common/smallrye-common-function/2.12.0/smallrye-common-function-2.12.0.jar:/Users/scott.gerring/.m2/repository/org/slf4j/slf4j-api/2.0.6/slf4j-api-2.0.6.jar:/Users/scott.gerring/.m2/repository/org/jboss/slf4j/slf4j-jboss-logmanager/2.0.0.Final/slf4j-jboss-logmanager-2.0.0.Final.jar:/Users/scott.gerring/.m2/repository/org/wildfly/common/wildfly-common/2.0.1/wildfly-common-2.0.1.jar:/Users/scott.gerring/.m2/repository/io/quarkus/quarkus-bootstrap-runner/3.22.1/quarkus-bootstrap-runner-3.22.1.jar:/Users/scott.gerring/.m2/repository/io/quarkus/quarkus-fs-util/1.0.0/quarkus-fs-util-1.0.0.jar:/Users/scott.gerring/.m2/repository/io/quarkus/quarkus-narayana-jta/3.22.1/quarkus-narayana-jta-3.22.1.jar:/Users/scott.gerring/.m2/repository/io/quarkus/quarkus-transaction-annotations/3.22.1/quarkus-transaction-annotations-3.22.1.jar:/Users/scott.gerring/.m2/repository/io/smallrye/smallrye-context-propagation-jta/2.2.1/smallrye-context-propagation-jta-2.2.1.jar:/Users/scott.gerring/.m2/repository/io/smallrye/reactive/smallrye-reactive-converter-api/3.0.3/smallrye-reactive-converter-api-3.0.3.jar:/Users/scott.gerring/.m2/repository/io/smallrye/reactive/smallrye-reactive-converter-mutiny/3.0.3/smallrye-reactive-converter-mutiny-3.0.3.jar:/Users/scott.gerring/.m2/repository/io/smallrye/reactive/mutiny-zero-flow-adapters/1.1.1/mutiny-zero-flow-adapters-1.1.1.jar:/Users/scott.gerring/.m2/repository/org/jboss/narayana/jta/narayana-jta/7.2.1.Final/narayana-jta-7.2.1.Final.jar:/Users/scott.gerring/.m2/repository/jakarta/resource/jakarta.resource-api/2.1.0/jakarta.resource-api-2.1.0.jar:/Users/scott.gerring/.m2/repository/org/jboss/invocation/jboss-invocation/2.0.0.Final/jboss-invocation-2.0.0.Final.jar:/Users/scott.gerring/.m2/repository/org/eclipse/microprofile/reactive-streams-operators/microprofile-reactive-streams-operators-api/3.0.1/microprofile-reactive-streams-operators-api-3.0.1.jar:/Users/scott.gerring/.m2/repository/org/jboss/narayana/jts/narayana-jts-integration/7.2.1.Final/narayana-jts-integration-7.2.1.Final.jar:/Users/scott.gerring/.m2/repository/org/hibernate/orm/hibernate-core/6.6.13.Final/hibernate-core-6.6.13.Final.jar:/Users/scott.gerring/.m2/repository/com/fasterxml/classmate/1.7.0/classmate-1.7.0.jar:/Users/scott.gerring/.m2/repository/org/antlr/antlr4-runtime/4.13.0/antlr4-runtime-4.13.0.jar:/Users/scott.gerring/.m2/repository/net/bytebuddy/byte-buddy/1.15.11/byte-buddy-1.15.11.jar:/Users/scott.gerring/.m2/repository/org/hibernate/common/hibernate-commons-annotations/7.0.3.Final/hibernate-commons-annotations-7.0.3.Final.jar:/Users/scott.gerring/.m2/repository/org/hibernate/orm/hibernate-graalvm/6.6.13.Final/hibernate-graalvm-6.6.13.Final.jar:/Users/scott.gerring/.m2/repository/org/glassfish/jaxb/jaxb-runtime/4.0.5/jaxb-runtime-4.0.5.jar:/Users/scott.gerring/.m2/repository/org/glassfish/jaxb/jaxb-core/4.0.5/jaxb-core-4.0.5.jar:/Users/scott.gerring/.m2/repository/org/eclipse/angus/angus-activation/2.0.2/angus-activation-2.0.2.jar:/Users/scott.gerring/.m2/repository/org/glassfish/jaxb/txw2/4.0.5/txw2-4.0.5.jar:/Users/scott.gerring/.m2/repository/com/sun/istack/istack-commons-runtime/4.1.2/istack-commons-runtime-4.1.2.jar:/Users/scott.gerring/.m2/repository/jakarta/xml/bind/jakarta.xml.bind-api/4.0.2/jakarta.xml.bind-api-4.0.2.jar:/Users/scott.gerring/.m2/repository/jakarta/activation/jakarta.activation-api/2.1.3/jakarta.activation-api-2.1.3.jar:/Users/scott.gerring/.m2/repository/jakarta/persistence/jakarta.persistence-api/3.1.0/jakarta.persistence-api-3.1.0.jar:/Users/scott.gerring/.m2/repository/jakarta/transaction/jakarta.transaction-api/2.0.1/jakarta.transaction-api-2.0.1.jar:/Users/scott.gerring/.m2/repository/org/hibernate/quarkus-local-cache/0.3.1/quarkus-local-cache-0.3.1.jar:/Users/scott.gerring/.m2/repository/io/quarkus/quarkus-caffeine/3.22.1/quarkus-caffeine-3.22.1.jar:/Users/scott.gerring/.m2/repository/com/github/ben-manes/caffeine/caffeine/3.2.0/caffeine-3.2.0.jar:/Users/scott.gerring/.m2/repository/org/jspecify/jspecify/1.0.0/jspecify-1.0.0.jar:/Users/scott.gerring/.m2/repository/com/google/errorprone/error_prone_annotations/2.37.0/error_prone_annotations-2.37.0.jar:/Users/scott.gerring/.m2/repository/io/quarkus/quarkus-hibernate-orm-panache/3.22.1/quarkus-hibernate-orm-panache-3.22.1.jar:/Users/scott.gerring/.m2/repository/io/quarkus/quarkus-hibernate-orm-panache-common/3.22.1/quarkus-hibernate-orm-panache-common-3.22.1.jar:/Users/scott.gerring/.m2/repository/io/quarkus/quarkus-panache-hibernate-common/3.22.1/quarkus-panache-hibernate-common-3.22.1.jar:/Users/scott.gerring/.m2/repository/io/quarkus/quarkus-panache-common/3.22.1/quarkus-panache-common-3.22.1.jar:/Users/scott.gerring/.m2/repository/io/quarkus/quarkus-flyway/3.22.1/quarkus-flyway-3.22.1.jar:/Users/scott.gerring/.m2/repository/org/flywaydb/flyway-core/11.7.1/flyway-core-11.7.1.jar:/Users/scott.gerring/.m2/repository/com/fasterxml/jackson/dataformat/jackson-dataformat-toml/2.18.3/jackson-dataformat-toml-2.18.3.jar:/Users/scott.gerring/.m2/repository/com/fasterxml/jackson/datatype/jackson-datatype-jsr310/2.18.3/jackson-datatype-jsr310-2.18.3.jar:/Users/scott.gerring/.m2/repository/com/fasterxml/jackson/core/jackson-annotations/2.18.3/jackson-annotations-2.18.3.jar:/Users/scott.gerring/.m2/repository/io/quarkus/quarkus-datasource-common/3.22.1/quarkus-datasource-common-3.22.1.jar:/Users/scott.gerring/.m2/repository/io/quarkus/quarkus-smallrye-openapi/3.22.1/quarkus-smallrye-openapi-3.22.1.jar:/Users/scott.gerring/.m2/repository/io/smallrye/smallrye-open-api-core/4.0.10/smallrye-open-api-core-4.0.10.jar:/Users/scott.gerring/.m2/repository/org/eclipse/microprofile/openapi/microprofile-openapi-api/4.0.2/microprofile-openapi-api-4.0.2.jar:/Users/scott.gerring/.m2/repository/org/eclipse/microprofile/config/microprofile-config-api/3.1/microprofile-config-api-3.1.jar:/Users/scott.gerring/.m2/repository/io/smallrye/smallrye-open-api-model/4.0.10/smallrye-open-api-model-4.0.10.jar:/Users/scott.gerring/.m2/repository/com/fasterxml/jackson/core/jackson-core/2.18.3/jackson-core-2.18.3.jar:/Users/scott.gerring/.m2/repository/com/fasterxml/jackson/core/jackson-databind/2.18.3/jackson-databind-2.18.3.jar:/Users/scott.gerring/.m2/repository/com/fasterxml/jackson/dataformat/jackson-dataformat-yaml/2.18.3/jackson-dataformat-yaml-2.18.3.jar:/Users/scott.gerring/.m2/repository/org/yaml/snakeyaml/2.4/snakeyaml-2.4.jar:/Users/scott.gerring/.m2/repository/io/smallrye/jandex/3.3.0/jandex-3.3.0.jar:/Users/scott.gerring/.m2/repository/io/smallrye/common/smallrye-common-classloader/2.12.0/smallrye-common-classloader-2.12.0.jar:/Users/scott.gerring/.m2/repository/io/quarkus/quarkus-vertx-http/3.22.1/quarkus-vertx-http-3.22.1.jar:/Users/scott.gerring/.m2/repository/io/quarkus/quarkus-security-runtime-spi/3.22.1/quarkus-security-runtime-spi-3.22.1.jar:/Users/scott.gerring/.m2/repository/io/quarkus/quarkus-tls-registry/3.22.1/quarkus-tls-registry-3.22.1.jar:/Users/scott.gerring/.m2/repository/io/quarkus/quarkus-tls-registry-spi/3.22.1/quarkus-tls-registry-spi-3.22.1.jar:/Users/scott.gerring/.m2/repository/io/smallrye/certs/smallrye-private-key-pem-parser/0.9.2/smallrye-private-key-pem-parser-0.9.2.jar:/Users/scott.gerring/.m2/repository/io/smallrye/common/smallrye-common-vertx-context/2.12.0/smallrye-common-vertx-context-2.12.0.jar:/Users/scott.gerring/.m2/repository/io/quarkus/security/quarkus-security/2.2.1/quarkus-security-2.2.1.jar:/Users/scott.gerring/.m2/repository/io/quarkus/quarkus-vertx/3.22.1/quarkus-vertx-3.22.1.jar:/Users/scott.gerring/.m2/repository/io/quarkus/quarkus-netty/3.22.1/quarkus-netty-3.22.1.jar:/Users/scott.gerring/.m2/repository/io/netty/netty-codec/4.1.119.Final/netty-codec-4.1.119.Final.jar:/Users/scott.gerring/.m2/repository/io/netty/netty-codec-haproxy/4.1.119.Final/netty-codec-haproxy-4.1.119.Final.jar:/Users/scott.gerring/.m2/repository/io/quarkus/quarkus-vertx-latebound-mdc-provider/3.22.1/quarkus-vertx-latebound-mdc-provider-3.22.1.jar:/Users/scott.gerring/.m2/repository/io/smallrye/smallrye-fault-tolerance-vertx/6.9.1/smallrye-fault-tolerance-vertx-6.9.1.jar:/Users/scott.gerring/.m2/repository/io/smallrye/reactive/smallrye-mutiny-vertx-web/3.18.1/smallrye-mutiny-vertx-web-3.18.1.jar:/Users/scott.gerring/.m2/repository/io/smallrye/reactive/smallrye-mutiny-vertx-web-common/3.18.1/smallrye-mutiny-vertx-web-common-3.18.1.jar:/Users/scott.gerring/.m2/repository/io/smallrye/reactive/smallrye-mutiny-vertx-auth-common/3.18.1/smallrye-mutiny-vertx-auth-common-3.18.1.jar:/Users/scott.gerring/.m2/repository/io/smallrye/reactive/smallrye-mutiny-vertx-bridge-common/3.18.1/smallrye-mutiny-vertx-bridge-common-3.18.1.jar:/Users/scott.gerring/.m2/repository/io/smallrye/reactive/smallrye-mutiny-vertx-uri-template/3.18.1/smallrye-mutiny-vertx-uri-template-3.18.1.jar:/Users/scott.gerring/.m2/repository/io/vertx/vertx-uri-template/4.5.14/vertx-uri-template-4.5.14.jar:/Users/scott.gerring/.m2/repository/io/vertx/vertx-web/4.5.14/vertx-web-4.5.14.jar:/Users/scott.gerring/.m2/repository/io/vertx/vertx-web-common/4.5.14/vertx-web-common-4.5.14.jar:/Users/scott.gerring/.m2/repository/io/vertx/vertx-auth-common/4.5.14/vertx-auth-common-4.5.14.jar:/Users/scott.gerring/.m2/repository/io/vertx/vertx-bridge-common/4.5.14/vertx-bridge-common-4.5.14.jar:/Users/scott.gerring/.m2/repository/io/github/crac/org-crac/0.1.3/org-crac-0.1.3.jar:/Users/scott.gerring/.m2/repository/com/aayushatharva/brotli4j/brotli4j/1.16.0/brotli4j-1.16.0.jar:/Users/scott.gerring/.m2/repository/com/aayushatharva/brotli4j/service/1.16.0/service-1.16.0.jar:/Users/scott.gerring/.m2/repository/com/aayushatharva/brotli4j/native-osx-aarch64/1.16.0/native-osx-aarch64-1.16.0.jar:/Users/scott.gerring/.m2/repository/io/quarkus/quarkus-swagger-ui/3.22.1/quarkus-swagger-ui-3.22.1.jar:/Users/scott.gerring/.m2/repository/io/quarkus/quarkus-arc/3.22.1/quarkus-arc-3.22.1.jar:/Users/scott.gerring/.m2/repository/io/quarkus/arc/arc/3.22.1/arc-3.22.1.jar:/Users/scott.gerring/.m2/repository/io/smallrye/reactive/mutiny/2.8.0/mutiny-2.8.0.jar:/Users/scott.gerring/.m2/repository/org/jctools/jctools-core/4.0.5/jctools-core-4.0.5.jar:/Users/scott.gerring/.m2/repository/org/eclipse/microprofile/context-propagation/microprofile-context-propagation-api/1.3/microprofile-context-propagation-api-1.3.jar:/Users/scott.gerring/.m2/repository/io/quarkus/quarkus-rest/3.22.1/quarkus-rest-3.22.1.jar:/Users/scott.gerring/.m2/repository/io/quarkus/quarkus-rest-common/3.22.1/quarkus-rest-common-3.22.1.jar:/Users/scott.gerring/.m2/repository/io/quarkus/resteasy/reactive/resteasy-reactive-common/3.22.1/resteasy-reactive-common-3.22.1.jar:/Users/scott.gerring/.m2/repository/io/quarkus/resteasy/reactive/resteasy-reactive-common-types/3.22.1/resteasy-reactive-common-types-3.22.1.jar:/Users/scott.gerring/.m2/repository/io/quarkus/resteasy/reactive/resteasy-reactive-vertx/3.22.1/resteasy-reactive-vertx-3.22.1.jar:/Users/scott.gerring/.m2/repository/io/smallrye/reactive/smallrye-mutiny-vertx-core/3.18.1/smallrye-mutiny-vertx-core-3.18.1.jar:/Users/scott.gerring/.m2/repository/io/smallrye/reactive/smallrye-mutiny-vertx-runtime/3.18.1/smallrye-mutiny-vertx-runtime-3.18.1.jar:/Users/scott.gerring/.m2/repository/io/smallrye/reactive/vertx-mutiny-generator/3.18.1/vertx-mutiny-generator-3.18.1.jar:/Users/scott.gerring/.m2/repository/io/vertx/vertx-codegen/4.5.14/vertx-codegen-4.5.14.jar:/Users/scott.gerring/.m2/repository/io/quarkus/resteasy/reactive/resteasy-reactive/3.22.1/resteasy-reactive-3.22.1.jar:/Users/scott.gerring/.m2/repository/io/quarkus/vertx/utils/quarkus-vertx-utils/3.22.1/quarkus-vertx-utils-3.22.1.jar:/Users/scott.gerring/.m2/repository/jakarta/ws/rs/jakarta.ws.rs-api/3.1.0/jakarta.ws.rs-api-3.1.0.jar:/Users/scott.gerring/.m2/repository/io/quarkus/quarkus-jsonp/3.22.1/quarkus-jsonp-3.22.1.jar:/Users/scott.gerring/.m2/repository/org/eclipse/parsson/parsson/1.1.7/parsson-1.1.7.jar:/Users/scott.gerring/.m2/repository/io/quarkus/quarkus-virtual-threads/3.22.1/quarkus-virtual-threads-3.22.1.jar:/Users/scott.gerring/.m2/repository/io/vertx/vertx-core/4.5.14/vertx-core-4.5.14.jar:/Users/scott.gerring/.m2/repository/io/netty/netty-common/4.1.119.Final/netty-common-4.1.119.Final.jar:/Users/scott.gerring/.m2/repository/io/netty/netty-buffer/4.1.119.Final/netty-buffer-4.1.119.Final.jar:/Users/scott.gerring/.m2/repository/io/netty/netty-transport/4.1.119.Final/netty-transport-4.1.119.Final.jar:/Users/scott.gerring/.m2/repository/io/netty/netty-handler/4.1.119.Final/netty-handler-4.1.119.Final.jar:/Users/scott.gerring/.m2/repository/io/netty/netty-transport-native-unix-common/4.1.119.Final/netty-transport-native-unix-common-4.1.119.Final.jar:/Users/scott.gerring/.m2/repository/io/netty/netty-handler-proxy/4.1.119.Final/netty-handler-proxy-4.1.119.Final.jar:/Users/scott.gerring/.m2/repository/io/netty/netty-codec-socks/4.1.119.Final/netty-codec-socks-4.1.119.Final.jar:/Users/scott.gerring/.m2/repository/io/netty/netty-codec-http/4.1.119.Final/netty-codec-http-4.1.119.Final.jar:/Users/scott.gerring/.m2/repository/io/netty/netty-codec-http2/4.1.119.Final/netty-codec-http2-4.1.119.Final.jar:/Users/scott.gerring/.m2/repository/io/netty/netty-resolver/4.1.119.Final/netty-resolver-4.1.119.Final.jar:/Users/scott.gerring/.m2/repository/io/netty/netty-resolver-dns/4.1.119.Final/netty-resolver-dns-4.1.119.Final.jar:/Users/scott.gerring/.m2/repository/io/netty/netty-codec-dns/4.1.119.Final/netty-codec-dns-4.1.119.Final.jar:/Users/scott.gerring/.m2/repository/io/quarkus/quarkus-rest-jackson/3.22.1/quarkus-rest-jackson-3.22.1.jar:/Users/scott.gerring/.m2/repository/io/quarkus/quarkus-rest-jackson-common/3.22.1/quarkus-rest-jackson-common-3.22.1.jar:/Users/scott.gerring/.m2/repository/io/quarkus/resteasy/reactive/resteasy-reactive-jackson/3.22.1/resteasy-reactive-jackson-3.22.1.jar:/Users/scott.gerring/.m2/repository/io/quarkus/quarkus-messaging-kafka/3.22.1/quarkus-messaging-kafka-3.22.1.jar:/Users/scott.gerring/.m2/repository/io/quarkus/quarkus-kafka-client/3.22.1/quarkus-kafka-client-3.22.1.jar:/Users/scott.gerring/.m2/repository/io/smallrye/reactive/smallrye-reactive-messaging-kafka/4.27.0/smallrye-reactive-messaging-kafka-4.27.0.jar:/Users/scott.gerring/.m2/repository/io/smallrye/reactive/smallrye-reactive-messaging-kafka-api/4.27.0/smallrye-reactive-messaging-kafka-api-4.27.0.jar:/Users/scott.gerring/.m2/repository/io/smallrye/reactive/smallrye-reactive-messaging-otel/4.27.0/smallrye-reactive-messaging-otel-4.27.0.jar:/Users/scott.gerring/.m2/repository/io/opentelemetry/opentelemetry-api/1.44.1/opentelemetry-api-1.44.1.jar:/Users/scott.gerring/.m2/repository/io/opentelemetry/opentelemetry-context/1.44.1/opentelemetry-context-1.44.1.jar:/Users/scott.gerring/.m2/repository/io/opentelemetry/semconv/opentelemetry-semconv/1.28.0-alpha/opentelemetry-semconv-1.28.0-alpha.jar:/Users/scott.gerring/.m2/repository/io/opentelemetry/instrumentation/opentelemetry-instrumentation-api/2.10.0/opentelemetry-instrumentation-api-2.10.0.jar:/Users/scott.gerring/.m2/repository/io/opentelemetry/opentelemetry-api-incubator/1.44.1-alpha/opentelemetry-api-incubator-1.44.1-alpha.jar:/Users/scott.gerring/.m2/repository/io/opentelemetry/instrumentation/opentelemetry-instrumentation-api-incubator/2.10.0-alpha/opentelemetry-instrumentation-api-incubator-2.10.0-alpha.jar:/Users/scott.gerring/.m2/repository/io/smallrye/reactive/mutiny-zero/1.1.1/mutiny-zero-1.1.1.jar:/Users/scott.gerring/.m2/repository/io/quarkus/quarkus-jackson/3.22.1/quarkus-jackson-3.22.1.jar:/Users/scott.gerring/.m2/repository/com/fasterxml/jackson/datatype/jackson-datatype-jdk8/2.18.3/jackson-datatype-jdk8-2.18.3.jar:/Users/scott.gerring/.m2/repository/com/fasterxml/jackson/module/jackson-module-parameter-names/2.18.3/jackson-module-parameter-names-2.18.3.jar:/Users/scott.gerring/.m2/repository/org/apache/kafka/kafka-clients/3.9.0/kafka-clients-3.9.0.jar:/Users/scott.gerring/.m2/repository/com/github/luben/zstd-jni/1.5.6-4/zstd-jni-1.5.6-4.jar:/Users/scott.gerring/.m2/repository/org/lz4/lz4-java/1.8.0/lz4-java-1.8.0.jar:/Users/scott.gerring/.m2/repository/org/xerial/snappy/snappy-java/1.1.10.5/snappy-java-1.1.10.5.jar:/Users/scott.gerring/.m2/repository/io/quarkus/quarkus-messaging/3.22.1/quarkus-messaging-3.22.1.jar:/Users/scott.gerring/.m2/repository/io/quarkus/quarkus-mutiny-reactive-streams-operators/3.22.1/quarkus-mutiny-reactive-streams-operators-3.22.1.jar:/Users/scott.gerring/.m2/repository/org/eclipse/microprofile/reactive-streams-operators/microprofile-reactive-streams-operators-core/3.0.1/microprofile-reactive-streams-operators-core-3.0.1.jar:/Users/scott.gerring/.m2/repository/io/smallrye/reactive/mutiny-reactive-streams-operators/2.8.0/mutiny-reactive-streams-operators-2.8.0.jar:/Users/scott.gerring/.m2/repository/io/quarkus/quarkus-messaging-kotlin/3.22.1/quarkus-messaging-kotlin-3.22.1.jar:/Users/scott.gerring/.m2/repository/io/smallrye/common/smallrye-common-annotation/2.12.0/smallrye-common-annotation-2.12.0.jar:/Users/scott.gerring/.m2/repository/io/smallrye/reactive/smallrye-reactive-messaging-health/4.27.0/smallrye-reactive-messaging-health-4.27.0.jar:/Users/scott.gerring/.m2/repository/org/eclipse/microprofile/health/microprofile-health-api/4.0.1/microprofile-health-api-4.0.1.jar:/Users/scott.gerring/.m2/repository/io/smallrye/reactive/smallrye-reactive-messaging-provider/4.27.0/smallrye-reactive-messaging-provider-4.27.0.jar:/Users/scott.gerring/.m2/repository/io/smallrye/reactive/smallrye-reactive-messaging-api/4.27.0/smallrye-reactive-messaging-api-4.27.0.jar:/Users/scott.gerring/.m2/repository/jakarta/annotation/jakarta.annotation-api/3.0.0/jakarta.annotation-api-3.0.0.jar:/Users/scott.gerring/.m2/repository/io/quarkiverse/amazonservices/quarkus-amazon-s3/3.5.0/quarkus-amazon-s3-3.5.0.jar:/Users/scott.gerring/.m2/repository/io/quarkiverse/amazonservices/quarkus-amazon-common/3.5.0/quarkus-amazon-common-3.5.0.jar:/Users/scott.gerring/.m2/repository/software/amazon/awssdk/sdk-core/2.31.30/sdk-core-2.31.30.jar:/Users/scott.gerring/.m2/repository/software/amazon/awssdk/retries/2.31.30/retries-2.31.30.jar:/Users/scott.gerring/.m2/repository/software/amazon/awssdk/aws-core/2.31.30/aws-core-2.31.30.jar:/Users/scott.gerring/.m2/repository/software/amazon/eventstream/eventstream/1.0.1/eventstream-1.0.1.jar:/Users/scott.gerring/.m2/repository/software/amazon/awssdk/regions/2.31.30/regions-2.31.30.jar:/Users/scott.gerring/.m2/repository/software/amazon/awssdk/auth/2.31.30/auth-2.31.30.jar:/Users/scott.gerring/.m2/repository/software/amazon/awssdk/http-auth-aws-eventstream/2.31.30/http-auth-aws-eventstream-2.31.30.jar:/Users/scott.gerring/.m2/repository/io/quarkiverse/amazonservices/quarkus-amazon-common-spi/3.5.0/quarkus-amazon-common-spi-3.5.0.jar:/Users/scott.gerring/.m2/repository/software/amazon/awssdk/s3/2.31.30/s3-2.31.30.jar:/Users/scott.gerring/.m2/repository/software/amazon/awssdk/aws-xml-protocol/2.31.30/aws-xml-protocol-2.31.30.jar:/Users/scott.gerring/.m2/repository/software/amazon/awssdk/aws-query-protocol/2.31.30/aws-query-protocol-2.31.30.jar:/Users/scott.gerring/.m2/repository/software/amazon/awssdk/protocol-core/2.31.30/protocol-core-2.31.30.jar:/Users/scott.gerring/.m2/repository/software/amazon/awssdk/arns/2.31.30/arns-2.31.30.jar:/Users/scott.gerring/.m2/repository/software/amazon/awssdk/profiles/2.31.30/profiles-2.31.30.jar:/Users/scott.gerring/.m2/repository/software/amazon/awssdk/crt-core/2.31.30/crt-core-2.31.30.jar:/Users/scott.gerring/.m2/repository/software/amazon/awssdk/http-auth/2.31.30/http-auth-2.31.30.jar:/Users/scott.gerring/.m2/repository/software/amazon/awssdk/identity-spi/2.31.30/identity-spi-2.31.30.jar:/Users/scott.gerring/.m2/repository/software/amazon/awssdk/http-auth-spi/2.31.30/http-auth-spi-2.31.30.jar:/Users/scott.gerring/.m2/repository/software/amazon/awssdk/http-auth-aws/2.31.30/http-auth-aws-2.31.30.jar:/Users/scott.gerring/.m2/repository/software/amazon/awssdk/checksums/2.31.30/checksums-2.31.30.jar:/Users/scott.gerring/.m2/repository/software/amazon/awssdk/checksums-spi/2.31.30/checksums-spi-2.31.30.jar:/Users/scott.gerring/.m2/repository/software/amazon/awssdk/retries-spi/2.31.30/retries-spi-2.31.30.jar:/Users/scott.gerring/.m2/repository/software/amazon/awssdk/metrics-spi/2.31.30/metrics-spi-2.31.30.jar:/Users/scott.gerring/.m2/repository/software/amazon/awssdk/json-utils/2.31.30/json-utils-2.31.30.jar:/Users/scott.gerring/.m2/repository/software/amazon/awssdk/third-party-jackson-core/2.31.30/third-party-jackson-core-2.31.30.jar:/Users/scott.gerring/.m2/repository/software/amazon/awssdk/endpoints-spi/2.31.30/endpoints-spi-2.31.30.jar:/Users/scott.gerring/.m2/repository/org/jboss/logging/commons-logging-jboss-logging/1.0.0.Final/commons-logging-jboss-logging-1.0.0.Final.jar:/Users/scott.gerring/.m2/repository/software/amazon/awssdk/url-connection-client/2.31.30/url-connection-client-2.31.30.jar:/Users/scott.gerring/.m2/repository/software/amazon/awssdk/utils/2.31.30/utils-2.31.30.jar:/Users/scott.gerring/.m2/repository/org/reactivestreams/reactive-streams/1.0.4/reactive-streams-1.0.4.jar:/Users/scott.gerring/.m2/repository/software/amazon/awssdk/annotations/2.31.30/annotations-2.31.30.jar:/Users/scott.gerring/.m2/repository/software/amazon/awssdk/http-client-spi/2.31.30/http-client-spi-2.31.30.jar:/Users/scott.gerring/.m2/repository/io/quarkus/quarkus-junit5/3.22.1/quarkus-junit5-3.22.1.jar:/Users/scott.gerring/.m2/repository/io/quarkus/quarkus-bootstrap-core/3.22.1/quarkus-bootstrap-core-3.22.1.jar:/Users/scott.gerring/.m2/repository/io/quarkus/quarkus-classloader-commons/3.22.1/quarkus-classloader-commons-3.22.1.jar:/Users/scott.gerring/.m2/repository/io/quarkus/quarkus-bootstrap-app-model/3.22.1/quarkus-bootstrap-app-model-3.22.1.jar:/Users/scott.gerring/.m2/repository/io/smallrye/common/smallrye-common-io/2.12.0/smallrye-common-io-2.12.0.jar:/Users/scott.gerring/.m2/repository/org/eclipse/sisu/org.eclipse.sisu.inject/0.9.0.M3/org.eclipse.sisu.inject-0.9.0.M3.jar:/Users/scott.gerring/.m2/repository/io/quarkus/quarkus-test-common/3.22.1/quarkus-test-common-3.22.1.jar:/Users/scott.gerring/.m2/repository/io/quarkus/quarkus-core-deployment/3.22.1/quarkus-core-deployment-3.22.1.jar:/Users/scott.gerring/.m2/repository/org/aesh/readline/2.6/readline-2.6.jar:/Users/scott.gerring/.m2/repository/org/fusesource/jansi/jansi/2.4.0/jansi-2.4.0.jar:/Users/scott.gerring/.m2/repository/org/aesh/aesh/2.8.2/aesh-2.8.2.jar:/Users/scott.gerring/.m2/repository/io/quarkus/gizmo/gizmo/1.9.0/gizmo-1.9.0.jar:/Users/scott.gerring/.m2/repository/org/ow2/asm/asm-util/9.8/asm-util-9.8.jar:/Users/scott.gerring/.m2/repository/org/ow2/asm/asm-analysis/9.8/asm-analysis-9.8.jar:/Users/scott.gerring/.m2/repository/org/ow2/asm/asm/9.8/asm-9.8.jar:/Users/scott.gerring/.m2/repository/org/ow2/asm/asm-commons/9.8/asm-commons-9.8.jar:/Users/scott.gerring/.m2/repository/org/ow2/asm/asm-tree/9.8/asm-tree-9.8.jar:/Users/scott.gerring/.m2/repository/io/quarkus/quarkus-hibernate-validator-spi/3.22.1/quarkus-hibernate-validator-spi-3.22.1.jar:/Users/scott.gerring/.m2/repository/io/quarkus/quarkus-class-change-agent/3.22.1/quarkus-class-change-agent-3.22.1.jar:/Users/scott.gerring/.m2/repository/io/quarkus/quarkus-devtools-utilities/3.22.1/quarkus-devtools-utilities-3.22.1.jar:/Users/scott.gerring/.m2/repository/io/quarkus/quarkus-builder/3.22.1/quarkus-builder-3.22.1.jar:/Users/scott.gerring/.m2/repository/org/graalvm/sdk/nativeimage/23.1.2/nativeimage-23.1.2.jar:/Users/scott.gerring/.m2/repository/org/graalvm/sdk/word/23.1.2/word-23.1.2.jar:/Users/scott.gerring/.m2/repository/org/junit/platform/junit-platform-launcher/1.12.2/junit-platform-launcher-1.12.2.jar:/Users/scott.gerring/.m2/repository/io/quarkus/quarkus-bootstrap-maven-resolver/3.22.1/quarkus-bootstrap-maven-resolver-3.22.1.jar:/Users/scott.gerring/.m2/repository/io/smallrye/beanbag/smallrye-beanbag-maven/1.5.2/smallrye-beanbag-maven-1.5.2.jar:/Users/scott.gerring/.m2/repository/io/smallrye/beanbag/smallrye-beanbag-sisu/1.5.2/smallrye-beanbag-sisu-1.5.2.jar:/Users/scott.gerring/.m2/repository/io/smallrye/beanbag/smallrye-beanbag/1.5.2/smallrye-beanbag-1.5.2.jar:/Users/scott.gerring/.m2/repository/javax/inject/javax.inject/1/javax.inject-1.jar:/Users/scott.gerring/.m2/repository/org/apache/maven/maven-artifact/3.9.9/maven-artifact-3.9.9.jar:/Users/scott.gerring/.m2/repository/org/apache/maven/maven-builder-support/3.9.9/maven-builder-support-3.9.9.jar:/Users/scott.gerring/.m2/repository/org/apache/maven/maven-model/3.9.9/maven-model-3.9.9.jar:/Users/scott.gerring/.m2/repository/org/apache/maven/maven-model-builder/3.9.9/maven-model-builder-3.9.9.jar:/Users/scott.gerring/.m2/repository/org/apache/maven/maven-repository-metadata/3.9.9/maven-repository-metadata-3.9.9.jar:/Users/scott.gerring/.m2/repository/org/apache/maven/maven-settings/3.9.9/maven-settings-3.9.9.jar:/Users/scott.gerring/.m2/repository/org/apache/maven/resolver/maven-resolver-api/1.9.22/maven-resolver-api-1.9.22.jar:/Users/scott.gerring/.m2/repository/org/apache/maven/resolver/maven-resolver-impl/1.9.22/maven-resolver-impl-1.9.22.jar:/Users/scott.gerring/.m2/repository/org/apache/maven/resolver/maven-resolver-named-locks/1.9.22/maven-resolver-named-locks-1.9.22.jar:/Users/scott.gerring/.m2/repository/org/apache/maven/resolver/maven-resolver-spi/1.9.22/maven-resolver-spi-1.9.22.jar:/Users/scott.gerring/.m2/repository/org/apache/maven/resolver/maven-resolver-util/1.9.22/maven-resolver-util-1.9.22.jar:/Users/scott.gerring/.m2/repository/org/apache/maven/resolver/maven-resolver-transport-http/1.9.20/maven-resolver-transport-http-1.9.20.jar:/Users/scott.gerring/.m2/repository/org/apache/maven/wagon/wagon-provider-api/3.5.3/wagon-provider-api-3.5.3.jar:/Users/scott.gerring/.m2/repository/org/apache/maven/wagon/wagon-http-shared/3.5.3/wagon-http-shared-3.5.3.jar:/Users/scott.gerring/.m2/repository/org/codehaus/plexus/plexus-interpolation/1.26/plexus-interpolation-1.26.jar:/Users/scott.gerring/.m2/repository/org/codehaus/plexus/plexus-utils/3.5.1/plexus-utils-3.5.1.jar:/Users/scott.gerring/.m2/repository/org/codehaus/plexus/plexus-xml/4.0.1/plexus-xml-4.0.1.jar:/Users/scott.gerring/.m2/repository/org/apache/maven/maven-xml-impl/4.0.0-alpha-5/maven-xml-impl-4.0.0-alpha-5.jar:/Users/scott.gerring/.m2/repository/org/apache/maven/maven-api-xml/4.0.0-alpha-5/maven-api-xml-4.0.0-alpha-5.jar:/Users/scott.gerring/.m2/repository/org/apache/maven/maven-api-meta/4.0.0-alpha-5/maven-api-meta-4.0.0-alpha-5.jar:/Users/scott.gerring/.m2/repository/org/codehaus/plexus/plexus-cipher/2.0/plexus-cipher-2.0.jar:/Users/scott.gerring/.m2/repository/org/codehaus/plexus/plexus-sec-dispatcher/2.0/plexus-sec-dispatcher-2.0.jar:/Users/scott.gerring/.m2/repository/org/apache/maven/maven-embedder/3.9.9/maven-embedder-3.9.9.jar:/Users/scott.gerring/.m2/repository/org/apache/maven/maven-core/3.9.9/maven-core-3.9.9.jar:/Users/scott.gerring/.m2/repository/org/codehaus/plexus/plexus-component-annotations/2.1.0/plexus-component-annotations-2.1.0.jar:/Users/scott.gerring/.m2/repository/org/apache/maven/maven-plugin-api/3.9.9/maven-plugin-api-3.9.9.jar:/Users/scott.gerring/.m2/repository/org/apache/maven/shared/maven-shared-utils/3.4.2/maven-shared-utils-3.4.2.jar:/Users/scott.gerring/.m2/repository/com/google/inject/guice/5.1.0/guice-5.1.0.jar:/Users/scott.gerring/.m2/repository/aopalliance/aopalliance/1.0/aopalliance-1.0.jar:/Users/scott.gerring/.m2/repository/com/google/guava/guava/33.4.8-jre/guava-33.4.8-jre.jar:/Users/scott.gerring/.m2/repository/com/google/guava/failureaccess/1.0.1/failureaccess-1.0.1.jar:/Users/scott.gerring/.m2/repository/javax/annotation/javax.annotation-api/1.3.2/javax.annotation-api-1.3.2.jar:/Users/scott.gerring/.m2/repository/org/codehaus/plexus/plexus-classworlds/2.6.0/plexus-classworlds-2.6.0.jar:/Users/scott.gerring/.m2/repository/commons-cli/commons-cli/1.8.0/commons-cli-1.8.0.jar:/Users/scott.gerring/.m2/repository/org/eclipse/sisu/org.eclipse.sisu.plexus/0.9.0.M3/org.eclipse.sisu.plexus-0.9.0.M3.jar:/Users/scott.gerring/.m2/repository/org/apache/maven/maven-settings-builder/3.9.9/maven-settings-builder-3.9.9.jar:/Users/scott.gerring/.m2/repository/org/apache/maven/maven-resolver-provider/3.9.9/maven-resolver-provider-3.9.9.jar:/Users/scott.gerring/.m2/repository/org/apache/maven/resolver/maven-resolver-connector-basic/1.9.22/maven-resolver-connector-basic-1.9.22.jar:/Users/scott.gerring/.m2/repository/org/apache/maven/resolver/maven-resolver-transport-wagon/1.9.22/maven-resolver-transport-wagon-1.9.22.jar:/Users/scott.gerring/.m2/repository/org/apache/maven/wagon/wagon-http/3.5.3/wagon-http-3.5.3.jar:/Users/scott.gerring/.m2/repository/org/apache/maven/wagon/wagon-file/3.5.3/wagon-file-3.5.3.jar:/Users/scott.gerring/.m2/repository/io/quarkus/quarkus-bootstrap-gradle-resolver/3.22.1/quarkus-bootstrap-gradle-resolver-3.22.1.jar:/Users/scott.gerring/.m2/repository/commons-io/commons-io/2.19.0/commons-io-2.19.0.jar:/Users/scott.gerring/.m2/repository/io/quarkus/quarkus-junit5-config/3.22.1/quarkus-junit5-config-3.22.1.jar:/Users/scott.gerring/.m2/repository/org/junit/jupiter/junit-jupiter-api/5.12.2/junit-jupiter-api-5.12.2.jar:/Users/scott.gerring/.m2/repository/org/opentest4j/opentest4j/1.3.0/opentest4j-1.3.0.jar:/Users/scott.gerring/.m2/repository/org/junit/platform/junit-platform-commons/1.12.2/junit-platform-commons-1.12.2.jar:/Users/scott.gerring/.m2/repository/org/apiguardian/apiguardian-api/1.1.2/apiguardian-api-1.1.2.jar:/Users/scott.gerring/.m2/repository/org/junit/jupiter/junit-jupiter/5.12.2/junit-jupiter-5.12.2.jar:/Users/scott.gerring/.m2/repository/org/junit/jupiter/junit-jupiter-params/5.12.2/junit-jupiter-params-5.12.2.jar:/Users/scott.gerring/.m2/repository/org/junit/jupiter/junit-jupiter-engine/5.12.2/junit-jupiter-engine-5.12.2.jar:/Users/scott.gerring/.m2/repository/org/junit/platform/junit-platform-engine/1.12.2/junit-platform-engine-1.12.2.jar:/Users/scott.gerring/.m2/repository/io/rest-assured/rest-assured/5.5.1/rest-assured-5.5.1.jar:/Users/scott.gerring/.m2/repository/org/apache/groovy/groovy/4.0.22/groovy-4.0.22.jar:/Users/scott.gerring/.m2/repository/org/apache/groovy/groovy-xml/4.0.22/groovy-xml-4.0.22.jar:/Users/scott.gerring/.m2/repository/org/apache/httpcomponents/httpclient/4.5.14/httpclient-4.5.14.jar:/Users/scott.gerring/.m2/repository/org/apache/httpcomponents/httpcore/4.4.16/httpcore-4.4.16.jar:/Users/scott.gerring/.m2/repository/commons-codec/commons-codec/1.18.0/commons-codec-1.18.0.jar:/Users/scott.gerring/.m2/repository/org/apache/httpcomponents/httpmime/4.5.14/httpmime-4.5.14.jar:/Users/scott.gerring/.m2/repository/org/hamcrest/hamcrest/2.2/hamcrest-2.2.jar:/Users/scott.gerring/.m2/repository/org/ccil/cowan/tagsoup/tagsoup/1.2.1/tagsoup-1.2.1.jar:/Users/scott.gerring/.m2/repository/io/rest-assured/json-path/5.5.1/json-path-5.5.1.jar:/Users/scott.gerring/.m2/repository/org/apache/groovy/groovy-json/4.0.22/groovy-json-4.0.22.jar:/Users/scott.gerring/.m2/repository/io/rest-assured/rest-assured-common/5.5.1/rest-assured-common-5.5.1.jar:/Users/scott.gerring/.m2/repository/io/rest-assured/xml-path/5.5.1/xml-path-5.5.1.jar:/Users/scott.gerring/.m2/repository/org/apache/commons/commons-lang3/3.17.0/commons-lang3-3.17.0.jar:/Users/scott.gerring/.m2/repository/io/quarkus/quarkus-junit5-mockito/3.22.1/quarkus-junit5-mockito-3.22.1.jar:/Users/scott.gerring/.m2/repository/org/mockito/mockito-junit-jupiter/5.17.0/mockito-junit-jupiter-5.17.0.jar:/Users/scott.gerring/.m2/repository/io/quarkus/quarkus-junit5-mockito-config/3.22.1/quarkus-junit5-mockito-config-3.22.1.jar:/Users/scott.gerring/.m2/repository/io/quarkus/quarkus-arc-deployment/3.22.1/quarkus-arc-deployment-3.22.1.jar:/Users/scott.gerring/.m2/repository/io/quarkus/quarkus-smallrye-context-propagation-spi/3.22.1/quarkus-smallrye-context-propagation-spi-3.22.1.jar:/Users/scott.gerring/.m2/repository/io/quarkus/quarkus-vertx-http-dev-ui-spi/3.22.1/quarkus-vertx-http-dev-ui-spi-3.22.1.jar:/Users/scott.gerring/.m2/repository/io/quarkus/arc/arc-processor/3.22.1/arc-processor-3.22.1.jar:/Users/scott.gerring/.m2/repository/io/quarkus/quarkus-mutiny/3.22.1/quarkus-mutiny-3.22.1.jar:/Users/scott.gerring/.m2/repository/io/quarkus/quarkus-smallrye-context-propagation/3.22.1/quarkus-smallrye-context-propagation-3.22.1.jar:/Users/scott.gerring/.m2/repository/io/smallrye/smallrye-context-propagation/2.2.1/smallrye-context-propagation-2.2.1.jar:/Users/scott.gerring/.m2/repository/io/smallrye/smallrye-context-propagation-api/2.2.1/smallrye-context-propagation-api-2.2.1.jar:/Users/scott.gerring/.m2/repository/io/smallrye/smallrye-context-propagation-storage/2.2.1/smallrye-context-propagation-storage-2.2.1.jar:/Users/scott.gerring/.m2/repository/io/smallrye/reactive/mutiny-smallrye-context-propagation/2.8.0/mutiny-smallrye-context-propagation-2.8.0.jar:/Users/scott.gerring/.m2/repository/org/awaitility/awaitility/4.3.0/awaitility-4.3.0.jar:/Users/scott.gerring/.m2/repository/org/mockito/mockito-core/5.17.0/mockito-core-5.17.0.jar:/Users/scott.gerring/.m2/repository/net/bytebuddy/byte-buddy-agent/1.15.11/byte-buddy-agent-1.15.11.jar:/Users/scott.gerring/.m2/repository/org/objenesis/objenesis/3.3/objenesis-3.3.jar:/Users/scott.gerring/.m2/repository/com/tngtech/archunit/archunit-junit5/1.3.0/archunit-junit5-1.3.0.jar:/Users/scott.gerring/.m2/repository/com/tngtech/archunit/archunit-junit5-api/1.3.0/archunit-junit5-api-1.3.0.jar:/Users/scott.gerring/.m2/repository/com/tngtech/archunit/archunit/1.3.0/archunit-1.3.0.jar:/Users/scott.gerring/.m2/repository/com/tngtech/archunit/archunit-junit5-engine/1.3.0/archunit-junit5-engine-1.3.0.jar:/Users/scott.gerring/.m2/repository/com/tngtech/archunit/archunit-junit5-engine-api/1.3.0/archunit-junit5-engine-api-1.3.0.jar:"/>
    <property name="java.vm.vendor" value="Oracle Corporation"/>
    <property name="sun.arch.data.model" value="64"/>
    <property name="java.vendor.url" value="https://java.oracle.com/"/>
    <property name="user.timezone" value="Europe/Zurich"/>
    <property name="logging.initial-configurator.min-level" value="500"/>
    <property name="java.vm.specification.version" value="23"/>
    <property name="os.name" value="Mac OS X"/>
    <property name="sun.java.launcher" value="SUN_STANDARD"/>
    <property name="user.country" value="AU"/>
    <property name="groovy.use.classvalue" value="false"/>
    <property name="sun.boot.library.path" value="/Users/scott.gerring/.sdkman/candidates/java/23-oracle/lib"/>
    <property name="sun.java.command" value="/Users/scott.gerring/Documents/code/stickerlandia/sticker-catalogue/target/surefire/surefirebooter-20250723144814133_3.jar /Users/scott.gerring/Documents/code/stickerlandia/sticker-catalogue/target/surefire 2025-07-23T14-48-14_106-jvmRun1 surefire-20250723144814133_1tmp surefire_0-20250723144814133_2tmp"/>
    <property name="http.nonProxyHosts" value="local|*.local|169.254/16|*.169.254/16"/>
    <property name="jdk.debug" value="release"/>
    <property name="maven.home" value="/opt/homebrew/Cellar/maven/3.9.9/libexec"/>
    <property name="surefire.test.class.path" value="/Users/scott.gerring/Documents/code/stickerlandia/sticker-catalogue/target/test-classes:/Users/scott.gerring/Documents/code/stickerlandia/sticker-catalogue/target/classes:/Users/scott.gerring/.m2/repository/io/quarkus/quarkus-jdbc-postgresql/3.22.1/quarkus-jdbc-postgresql-3.22.1.jar:/Users/scott.gerring/.m2/repository/io/quarkus/quarkus-agroal/3.22.1/quarkus-agroal-3.22.1.jar:/Users/scott.gerring/.m2/repository/io/quarkus/quarkus-datasource/3.22.1/quarkus-datasource-3.22.1.jar:/Users/scott.gerring/.m2/repository/io/agroal/agroal-api/2.6/agroal-api-2.6.jar:/Users/scott.gerring/.m2/repository/io/agroal/agroal-narayana/2.6/agroal-narayana-2.6.jar:/Users/scott.gerring/.m2/repository/org/jboss/jboss-transaction-spi/8.0.0.Final/jboss-transaction-spi-8.0.0.Final.jar:/Users/scott.gerring/.m2/repository/io/agroal/agroal-pool/2.6/agroal-pool-2.6.jar:/Users/scott.gerring/.m2/repository/io/quarkus/quarkus-credentials/3.22.1/quarkus-credentials-3.22.1.jar:/Users/scott.gerring/.m2/repository/org/postgresql/postgresql/42.7.5/postgresql-42.7.5.jar:/Users/scott.gerring/.m2/repository/io/quarkus/quarkus-hibernate-orm/3.22.1/quarkus-hibernate-orm-3.22.1.jar:/Users/scott.gerring/.m2/repository/io/quarkus/quarkus-core/3.22.1/quarkus-core-3.22.1.jar:/Users/scott.gerring/.m2/repository/jakarta/enterprise/jakarta.enterprise.cdi-api/4.1.0/jakarta.enterprise.cdi-api-4.1.0.jar:/Users/scott.gerring/.m2/repository/jakarta/enterprise/jakarta.enterprise.lang-model/4.1.0/jakarta.enterprise.lang-model-4.1.0.jar:/Users/scott.gerring/.m2/repository/jakarta/el/jakarta.el-api/5.0.1/jakarta.el-api-5.0.1.jar:/Users/scott.gerring/.m2/repository/jakarta/interceptor/jakarta.interceptor-api/2.2.0/jakarta.interceptor-api-2.2.0.jar:/Users/scott.gerring/.m2/repository/jakarta/inject/jakarta.inject-api/2.0.1/jakarta.inject-api-2.0.1.jar:/Users/scott.gerring/.m2/repository/io/smallrye/common/smallrye-common-os/2.12.0/smallrye-common-os-2.12.0.jar:/Users/scott.gerring/.m2/repository/io/quarkus/quarkus-ide-launcher/3.22.1/quarkus-ide-launcher-3.22.1.jar:/Users/scott.gerring/.m2/repository/io/quarkus/quarkus-development-mode-spi/3.22.1/quarkus-development-mode-spi-3.22.1.jar:/Users/scott.gerring/.m2/repository/io/smallrye/config/smallrye-config/3.12.4/smallrye-config-3.12.4.jar:/Users/scott.gerring/.m2/repository/io/smallrye/config/smallrye-config-core/3.12.4/smallrye-config-core-3.12.4.jar:/Users/scott.gerring/.m2/repository/io/smallrye/config/smallrye-config-common/3.12.4/smallrye-config-common-3.12.4.jar:/Users/scott.gerring/.m2/repository/org/jboss/logging/jboss-logging/3.6.1.Final/jboss-logging-3.6.1.Final.jar:/Users/scott.gerring/.m2/repository/org/jboss/logmanager/jboss-logmanager/3.1.2.Final/jboss-logmanager-3.1.2.Final.jar:/Users/scott.gerring/.m2/repository/io/smallrye/common/smallrye-common-constraint/2.12.0/smallrye-common-constraint-2.12.0.jar:/Users/scott.gerring/.m2/repository/io/smallrye/common/smallrye-common-cpu/2.12.0/smallrye-common-cpu-2.12.0.jar:/Users/scott.gerring/.m2/repository/io/smallrye/common/smallrye-common-expression/2.12.0/smallrye-common-expression-2.12.0.jar:/Users/scott.gerring/.m2/repository/io/smallrye/common/smallrye-common-net/2.12.0/smallrye-common-net-2.12.0.jar:/Users/scott.gerring/.m2/repository/io/smallrye/common/smallrye-common-ref/2.12.0/smallrye-common-ref-2.12.0.jar:/Users/scott.gerring/.m2/repository/jakarta/json/jakarta.json-api/2.1.3/jakarta.json-api-2.1.3.jar:/Users/scott.gerring/.m2/repository/org/jboss/threads/jboss-threads/3.8.0.Final/jboss-threads-3.8.0.Final.jar:/Users/scott.gerring/.m2/repository/io/smallrye/common/smallrye-common-function/2.12.0/smallrye-common-function-2.12.0.jar:/Users/scott.gerring/.m2/repository/org/slf4j/slf4j-api/2.0.6/slf4j-api-2.0.6.jar:/Users/scott.gerring/.m2/repository/org/jboss/slf4j/slf4j-jboss-logmanager/2.0.0.Final/slf4j-jboss-logmanager-2.0.0.Final.jar:/Users/scott.gerring/.m2/repository/org/wildfly/common/wildfly-common/2.0.1/wildfly-common-2.0.1.jar:/Users/scott.gerring/.m2/repository/io/quarkus/quarkus-bootstrap-runner/3.22.1/quarkus-bootstrap-runner-3.22.1.jar:/Users/scott.gerring/.m2/repository/io/quarkus/quarkus-fs-util/1.0.0/quarkus-fs-util-1.0.0.jar:/Users/scott.gerring/.m2/repository/io/quarkus/quarkus-narayana-jta/3.22.1/quarkus-narayana-jta-3.22.1.jar:/Users/scott.gerring/.m2/repository/io/quarkus/quarkus-transaction-annotations/3.22.1/quarkus-transaction-annotations-3.22.1.jar:/Users/scott.gerring/.m2/repository/io/smallrye/smallrye-context-propagation-jta/2.2.1/smallrye-context-propagation-jta-2.2.1.jar:/Users/scott.gerring/.m2/repository/io/smallrye/reactive/smallrye-reactive-converter-api/3.0.3/smallrye-reactive-converter-api-3.0.3.jar:/Users/scott.gerring/.m2/repository/io/smallrye/reactive/smallrye-reactive-converter-mutiny/3.0.3/smallrye-reactive-converter-mutiny-3.0.3.jar:/Users/scott.gerring/.m2/repository/io/smallrye/reactive/mutiny-zero-flow-adapters/1.1.1/mutiny-zero-flow-adapters-1.1.1.jar:/Users/scott.gerring/.m2/repository/org/jboss/narayana/jta/narayana-jta/7.2.1.Final/narayana-jta-7.2.1.Final.jar:/Users/scott.gerring/.m2/repository/jakarta/resource/jakarta.resource-api/2.1.0/jakarta.resource-api-2.1.0.jar:/Users/scott.gerring/.m2/repository/org/jboss/invocation/jboss-invocation/2.0.0.Final/jboss-invocation-2.0.0.Final.jar:/Users/scott.gerring/.m2/repository/org/eclipse/microprofile/reactive-streams-operators/microprofile-reactive-streams-operators-api/3.0.1/microprofile-reactive-streams-operators-api-3.0.1.jar:/Users/scott.gerring/.m2/repository/org/jboss/narayana/jts/narayana-jts-integration/7.2.1.Final/narayana-jts-integration-7.2.1.Final.jar:/Users/scott.gerring/.m2/repository/org/hibernate/orm/hibernate-core/6.6.13.Final/hibernate-core-6.6.13.Final.jar:/Users/scott.gerring/.m2/repository/com/fasterxml/classmate/1.7.0/classmate-1.7.0.jar:/Users/scott.gerring/.m2/repository/org/antlr/antlr4-runtime/4.13.0/antlr4-runtime-4.13.0.jar:/Users/scott.gerring/.m2/repository/net/bytebuddy/byte-buddy/1.15.11/byte-buddy-1.15.11.jar:/Users/scott.gerring/.m2/repository/org/hibernate/common/hibernate-commons-annotations/7.0.3.Final/hibernate-commons-annotations-7.0.3.Final.jar:/Users/scott.gerring/.m2/repository/org/hibernate/orm/hibernate-graalvm/6.6.13.Final/hibernate-graalvm-6.6.13.Final.jar:/Users/scott.gerring/.m2/repository/org/glassfish/jaxb/jaxb-runtime/4.0.5/jaxb-runtime-4.0.5.jar:/Users/scott.gerring/.m2/repository/org/glassfish/jaxb/jaxb-core/4.0.5/jaxb-core-4.0.5.jar:/Users/scott.gerring/.m2/repository/org/eclipse/angus/angus-activation/2.0.2/angus-activation-2.0.2.jar:/Users/scott.gerring/.m2/repository/org/glassfish/jaxb/txw2/4.0.5/txw2-4.0.5.jar:/Users/scott.gerring/.m2/repository/com/sun/istack/istack-commons-runtime/4.1.2/istack-commons-runtime-4.1.2.jar:/Users/scott.gerring/.m2/repository/jakarta/xml/bind/jakarta.xml.bind-api/4.0.2/jakarta.xml.bind-api-4.0.2.jar:/Users/scott.gerring/.m2/repository/jakarta/activation/jakarta.activation-api/2.1.3/jakarta.activation-api-2.1.3.jar:/Users/scott.gerring/.m2/repository/jakarta/persistence/jakarta.persistence-api/3.1.0/jakarta.persistence-api-3.1.0.jar:/Users/scott.gerring/.m2/repository/jakarta/transaction/jakarta.transaction-api/2.0.1/jakarta.transaction-api-2.0.1.jar:/Users/scott.gerring/.m2/repository/org/hibernate/quarkus-local-cache/0.3.1/quarkus-local-cache-0.3.1.jar:/Users/scott.gerring/.m2/repository/io/quarkus/quarkus-caffeine/3.22.1/quarkus-caffeine-3.22.1.jar:/Users/scott.gerring/.m2/repository/com/github/ben-manes/caffeine/caffeine/3.2.0/caffeine-3.2.0.jar:/Users/scott.gerring/.m2/repository/org/jspecify/jspecify/1.0.0/jspecify-1.0.0.jar:/Users/scott.gerring/.m2/repository/com/google/errorprone/error_prone_annotations/2.37.0/error_prone_annotations-2.37.0.jar:/Users/scott.gerring/.m2/repository/io/quarkus/quarkus-hibernate-orm-panache/3.22.1/quarkus-hibernate-orm-panache-3.22.1.jar:/Users/scott.gerring/.m2/repository/io/quarkus/quarkus-hibernate-orm-panache-common/3.22.1/quarkus-hibernate-orm-panache-common-3.22.1.jar:/Users/scott.gerring/.m2/repository/io/quarkus/quarkus-panache-hibernate-common/3.22.1/quarkus-panache-hibernate-common-3.22.1.jar:/Users/scott.gerring/.m2/repository/io/quarkus/quarkus-panache-common/3.22.1/quarkus-panache-common-3.22.1.jar:/Users/scott.gerring/.m2/repository/io/quarkus/quarkus-flyway/3.22.1/quarkus-flyway-3.22.1.jar:/Users/scott.gerring/.m2/repository/org/flywaydb/flyway-core/11.7.1/flyway-core-11.7.1.jar:/Users/scott.gerring/.m2/repository/com/fasterxml/jackson/dataformat/jackson-dataformat-toml/2.18.3/jackson-dataformat-toml-2.18.3.jar:/Users/scott.gerring/.m2/repository/com/fasterxml/jackson/datatype/jackson-datatype-jsr310/2.18.3/jackson-datatype-jsr310-2.18.3.jar:/Users/scott.gerring/.m2/repository/com/fasterxml/jackson/core/jackson-annotations/2.18.3/jackson-annotations-2.18.3.jar:/Users/scott.gerring/.m2/repository/io/quarkus/quarkus-datasource-common/3.22.1/quarkus-datasource-common-3.22.1.jar:/Users/scott.gerring/.m2/repository/io/quarkus/quarkus-smallrye-openapi/3.22.1/quarkus-smallrye-openapi-3.22.1.jar:/Users/scott.gerring/.m2/repository/io/smallrye/smallrye-open-api-core/4.0.10/smallrye-open-api-core-4.0.10.jar:/Users/scott.gerring/.m2/repository/org/eclipse/microprofile/openapi/microprofile-openapi-api/4.0.2/microprofile-openapi-api-4.0.2.jar:/Users/scott.gerring/.m2/repository/org/eclipse/microprofile/config/microprofile-config-api/3.1/microprofile-config-api-3.1.jar:/Users/scott.gerring/.m2/repository/io/smallrye/smallrye-open-api-model/4.0.10/smallrye-open-api-model-4.0.10.jar:/Users/scott.gerring/.m2/repository/com/fasterxml/jackson/core/jackson-core/2.18.3/jackson-core-2.18.3.jar:/Users/scott.gerring/.m2/repository/com/fasterxml/jackson/core/jackson-databind/2.18.3/jackson-databind-2.18.3.jar:/Users/scott.gerring/.m2/repository/com/fasterxml/jackson/dataformat/jackson-dataformat-yaml/2.18.3/jackson-dataformat-yaml-2.18.3.jar:/Users/scott.gerring/.m2/repository/org/yaml/snakeyaml/2.4/snakeyaml-2.4.jar:/Users/scott.gerring/.m2/repository/io/smallrye/jandex/3.3.0/jandex-3.3.0.jar:/Users/scott.gerring/.m2/repository/io/smallrye/common/smallrye-common-classloader/2.12.0/smallrye-common-classloader-2.12.0.jar:/Users/scott.gerring/.m2/repository/io/quarkus/quarkus-vertx-http/3.22.1/quarkus-vertx-http-3.22.1.jar:/Users/scott.gerring/.m2/repository/io/quarkus/quarkus-security-runtime-spi/3.22.1/quarkus-security-runtime-spi-3.22.1.jar:/Users/scott.gerring/.m2/repository/io/quarkus/quarkus-tls-registry/3.22.1/quarkus-tls-registry-3.22.1.jar:/Users/scott.gerring/.m2/repository/io/quarkus/quarkus-tls-registry-spi/3.22.1/quarkus-tls-registry-spi-3.22.1.jar:/Users/scott.gerring/.m2/repository/io/smallrye/certs/smallrye-private-key-pem-parser/0.9.2/smallrye-private-key-pem-parser-0.9.2.jar:/Users/scott.gerring/.m2/repository/io/smallrye/common/smallrye-common-vertx-context/2.12.0/smallrye-common-vertx-context-2.12.0.jar:/Users/scott.gerring/.m2/repository/io/quarkus/security/quarkus-security/2.2.1/quarkus-security-2.2.1.jar:/Users/scott.gerring/.m2/repository/io/quarkus/quarkus-vertx/3.22.1/quarkus-vertx-3.22.1.jar:/Users/scott.gerring/.m2/repository/io/quarkus/quarkus-netty/3.22.1/quarkus-netty-3.22.1.jar:/Users/scott.gerring/.m2/repository/io/netty/netty-codec/4.1.119.Final/netty-codec-4.1.119.Final.jar:/Users/scott.gerring/.m2/repository/io/netty/netty-codec-haproxy/4.1.119.Final/netty-codec-haproxy-4.1.119.Final.jar:/Users/scott.gerring/.m2/repository/io/quarkus/quarkus-vertx-latebound-mdc-provider/3.22.1/quarkus-vertx-latebound-mdc-provider-3.22.1.jar:/Users/scott.gerring/.m2/repository/io/smallrye/smallrye-fault-tolerance-vertx/6.9.1/smallrye-fault-tolerance-vertx-6.9.1.jar:/Users/scott.gerring/.m2/repository/io/smallrye/reactive/smallrye-mutiny-vertx-web/3.18.1/smallrye-mutiny-vertx-web-3.18.1.jar:/Users/scott.gerring/.m2/repository/io/smallrye/reactive/smallrye-mutiny-vertx-web-common/3.18.1/smallrye-mutiny-vertx-web-common-3.18.1.jar:/Users/scott.gerring/.m2/repository/io/smallrye/reactive/smallrye-mutiny-vertx-auth-common/3.18.1/smallrye-mutiny-vertx-auth-common-3.18.1.jar:/Users/scott.gerring/.m2/repository/io/smallrye/reactive/smallrye-mutiny-vertx-bridge-common/3.18.1/smallrye-mutiny-vertx-bridge-common-3.18.1.jar:/Users/scott.gerring/.m2/repository/io/smallrye/reactive/smallrye-mutiny-vertx-uri-template/3.18.1/smallrye-mutiny-vertx-uri-template-3.18.1.jar:/Users/scott.gerring/.m2/repository/io/vertx/vertx-uri-template/4.5.14/vertx-uri-template-4.5.14.jar:/Users/scott.gerring/.m2/repository/io/vertx/vertx-web/4.5.14/vertx-web-4.5.14.jar:/Users/scott.gerring/.m2/repository/io/vertx/vertx-web-common/4.5.14/vertx-web-common-4.5.14.jar:/Users/scott.gerring/.m2/repository/io/vertx/vertx-auth-common/4.5.14/vertx-auth-common-4.5.14.jar:/Users/scott.gerring/.m2/repository/io/vertx/vertx-bridge-common/4.5.14/vertx-bridge-common-4.5.14.jar:/Users/scott.gerring/.m2/repository/io/github/crac/org-crac/0.1.3/org-crac-0.1.3.jar:/Users/scott.gerring/.m2/repository/com/aayushatharva/brotli4j/brotli4j/1.16.0/brotli4j-1.16.0.jar:/Users/scott.gerring/.m2/repository/com/aayushatharva/brotli4j/service/1.16.0/service-1.16.0.jar:/Users/scott.gerring/.m2/repository/com/aayushatharva/brotli4j/native-osx-aarch64/1.16.0/native-osx-aarch64-1.16.0.jar:/Users/scott.gerring/.m2/repository/io/quarkus/quarkus-swagger-ui/3.22.1/quarkus-swagger-ui-3.22.1.jar:/Users/scott.gerring/.m2/repository/io/quarkus/quarkus-arc/3.22.1/quarkus-arc-3.22.1.jar:/Users/scott.gerring/.m2/repository/io/quarkus/arc/arc/3.22.1/arc-3.22.1.jar:/Users/scott.gerring/.m2/repository/io/smallrye/reactive/mutiny/2.8.0/mutiny-2.8.0.jar:/Users/scott.gerring/.m2/repository/org/jctools/jctools-core/4.0.5/jctools-core-4.0.5.jar:/Users/scott.gerring/.m2/repository/org/eclipse/microprofile/context-propagation/microprofile-context-propagation-api/1.3/microprofile-context-propagation-api-1.3.jar:/Users/scott.gerring/.m2/repository/io/quarkus/quarkus-rest/3.22.1/quarkus-rest-3.22.1.jar:/Users/scott.gerring/.m2/repository/io/quarkus/quarkus-rest-common/3.22.1/quarkus-rest-common-3.22.1.jar:/Users/scott.gerring/.m2/repository/io/quarkus/resteasy/reactive/resteasy-reactive-common/3.22.1/resteasy-reactive-common-3.22.1.jar:/Users/scott.gerring/.m2/repository/io/quarkus/resteasy/reactive/resteasy-reactive-common-types/3.22.1/resteasy-reactive-common-types-3.22.1.jar:/Users/scott.gerring/.m2/repository/io/quarkus/resteasy/reactive/resteasy-reactive-vertx/3.22.1/resteasy-reactive-vertx-3.22.1.jar:/Users/scott.gerring/.m2/repository/io/smallrye/reactive/smallrye-mutiny-vertx-core/3.18.1/smallrye-mutiny-vertx-core-3.18.1.jar:/Users/scott.gerring/.m2/repository/io/smallrye/reactive/smallrye-mutiny-vertx-runtime/3.18.1/smallrye-mutiny-vertx-runtime-3.18.1.jar:/Users/scott.gerring/.m2/repository/io/smallrye/reactive/vertx-mutiny-generator/3.18.1/vertx-mutiny-generator-3.18.1.jar:/Users/scott.gerring/.m2/repository/io/vertx/vertx-codegen/4.5.14/vertx-codegen-4.5.14.jar:/Users/scott.gerring/.m2/repository/io/quarkus/resteasy/reactive/resteasy-reactive/3.22.1/resteasy-reactive-3.22.1.jar:/Users/scott.gerring/.m2/repository/io/quarkus/vertx/utils/quarkus-vertx-utils/3.22.1/quarkus-vertx-utils-3.22.1.jar:/Users/scott.gerring/.m2/repository/jakarta/ws/rs/jakarta.ws.rs-api/3.1.0/jakarta.ws.rs-api-3.1.0.jar:/Users/scott.gerring/.m2/repository/io/quarkus/quarkus-jsonp/3.22.1/quarkus-jsonp-3.22.1.jar:/Users/scott.gerring/.m2/repository/org/eclipse/parsson/parsson/1.1.7/parsson-1.1.7.jar:/Users/scott.gerring/.m2/repository/io/quarkus/quarkus-virtual-threads/3.22.1/quarkus-virtual-threads-3.22.1.jar:/Users/scott.gerring/.m2/repository/io/vertx/vertx-core/4.5.14/vertx-core-4.5.14.jar:/Users/scott.gerring/.m2/repository/io/netty/netty-common/4.1.119.Final/netty-common-4.1.119.Final.jar:/Users/scott.gerring/.m2/repository/io/netty/netty-buffer/4.1.119.Final/netty-buffer-4.1.119.Final.jar:/Users/scott.gerring/.m2/repository/io/netty/netty-transport/4.1.119.Final/netty-transport-4.1.119.Final.jar:/Users/scott.gerring/.m2/repository/io/netty/netty-handler/4.1.119.Final/netty-handler-4.1.119.Final.jar:/Users/scott.gerring/.m2/repository/io/netty/netty-transport-native-unix-common/4.1.119.Final/netty-transport-native-unix-common-4.1.119.Final.jar:/Users/scott.gerring/.m2/repository/io/netty/netty-handler-proxy/4.1.119.Final/netty-handler-proxy-4.1.119.Final.jar:/Users/scott.gerring/.m2/repository/io/netty/netty-codec-socks/4.1.119.Final/netty-codec-socks-4.1.119.Final.jar:/Users/scott.gerring/.m2/repository/io/netty/netty-codec-http/4.1.119.Final/netty-codec-http-4.1.119.Final.jar:/Users/scott.gerring/.m2/repository/io/netty/netty-codec-http2/4.1.119.Final/netty-codec-http2-4.1.119.Final.jar:/Users/scott.gerring/.m2/repository/io/netty/netty-resolver/4.1.119.Final/netty-resolver-4.1.119.Final.jar:/Users/scott.gerring/.m2/repository/io/netty/netty-resolver-dns/4.1.119.Final/netty-resolver-dns-4.1.119.Final.jar:/Users/scott.gerring/.m2/repository/io/netty/netty-codec-dns/4.1.119.Final/netty-codec-dns-4.1.119.Final.jar:/Users/scott.gerring/.m2/repository/io/quarkus/quarkus-rest-jackson/3.22.1/quarkus-rest-jackson-3.22.1.jar:/Users/scott.gerring/.m2/repository/io/quarkus/quarkus-rest-jackson-common/3.22.1/quarkus-rest-jackson-common-3.22.1.jar:/Users/scott.gerring/.m2/repository/io/quarkus/resteasy/reactive/resteasy-reactive-jackson/3.22.1/resteasy-reactive-jackson-3.22.1.jar:/Users/scott.gerring/.m2/repository/io/quarkus/quarkus-messaging-kafka/3.22.1/quarkus-messaging-kafka-3.22.1.jar:/Users/scott.gerring/.m2/repository/io/quarkus/quarkus-kafka-client/3.22.1/quarkus-kafka-client-3.22.1.jar:/Users/scott.gerring/.m2/repository/io/smallrye/reactive/smallrye-reactive-messaging-kafka/4.27.0/smallrye-reactive-messaging-kafka-4.27.0.jar:/Users/scott.gerring/.m2/repository/io/smallrye/reactive/smallrye-reactive-messaging-kafka-api/4.27.0/smallrye-reactive-messaging-kafka-api-4.27.0.jar:/Users/scott.gerring/.m2/repository/io/smallrye/reactive/smallrye-reactive-messaging-otel/4.27.0/smallrye-reactive-messaging-otel-4.27.0.jar:/Users/scott.gerring/.m2/repository/io/opentelemetry/opentelemetry-api/1.44.1/opentelemetry-api-1.44.1.jar:/Users/scott.gerring/.m2/repository/io/opentelemetry/opentelemetry-context/1.44.1/opentelemetry-context-1.44.1.jar:/Users/scott.gerring/.m2/repository/io/opentelemetry/semconv/opentelemetry-semconv/1.28.0-alpha/opentelemetry-semconv-1.28.0-alpha.jar:/Users/scott.gerring/.m2/repository/io/opentelemetry/instrumentation/opentelemetry-instrumentation-api/2.10.0/opentelemetry-instrumentation-api-2.10.0.jar:/Users/scott.gerring/.m2/repository/io/opentelemetry/opentelemetry-api-incubator/1.44.1-alpha/opentelemetry-api-incubator-1.44.1-alpha.jar:/Users/scott.gerring/.m2/repository/io/opentelemetry/instrumentation/opentelemetry-instrumentation-api-incubator/2.10.0-alpha/opentelemetry-instrumentation-api-incubator-2.10.0-alpha.jar:/Users/scott.gerring/.m2/repository/io/smallrye/reactive/mutiny-zero/1.1.1/mutiny-zero-1.1.1.jar:/Users/scott.gerring/.m2/repository/io/quarkus/quarkus-jackson/3.22.1/quarkus-jackson-3.22.1.jar:/Users/scott.gerring/.m2/repository/com/fasterxml/jackson/datatype/jackson-datatype-jdk8/2.18.3/jackson-datatype-jdk8-2.18.3.jar:/Users/scott.gerring/.m2/repository/com/fasterxml/jackson/module/jackson-module-parameter-names/2.18.3/jackson-module-parameter-names-2.18.3.jar:/Users/scott.gerring/.m2/repository/org/apache/kafka/kafka-clients/3.9.0/kafka-clients-3.9.0.jar:/Users/scott.gerring/.m2/repository/com/github/luben/zstd-jni/1.5.6-4/zstd-jni-1.5.6-4.jar:/Users/scott.gerring/.m2/repository/org/lz4/lz4-java/1.8.0/lz4-java-1.8.0.jar:/Users/scott.gerring/.m2/repository/org/xerial/snappy/snappy-java/1.1.10.5/snappy-java-1.1.10.5.jar:/Users/scott.gerring/.m2/repository/io/quarkus/quarkus-messaging/3.22.1/quarkus-messaging-3.22.1.jar:/Users/scott.gerring/.m2/repository/io/quarkus/quarkus-mutiny-reactive-streams-operators/3.22.1/quarkus-mutiny-reactive-streams-operators-3.22.1.jar:/Users/scott.gerring/.m2/repository/org/eclipse/microprofile/reactive-streams-operators/microprofile-reactive-streams-operators-core/3.0.1/microprofile-reactive-streams-operators-core-3.0.1.jar:/Users/scott.gerring/.m2/repository/io/smallrye/reactive/mutiny-reactive-streams-operators/2.8.0/mutiny-reactive-streams-operators-2.8.0.jar:/Users/scott.gerring/.m2/repository/io/quarkus/quarkus-messaging-kotlin/3.22.1/quarkus-messaging-kotlin-3.22.1.jar:/Users/scott.gerring/.m2/repository/io/smallrye/common/smallrye-common-annotation/2.12.0/smallrye-common-annotation-2.12.0.jar:/Users/scott.gerring/.m2/repository/io/smallrye/reactive/smallrye-reactive-messaging-health/4.27.0/smallrye-reactive-messaging-health-4.27.0.jar:/Users/scott.gerring/.m2/repository/org/eclipse/microprofile/health/microprofile-health-api/4.0.1/microprofile-health-api-4.0.1.jar:/Users/scott.gerring/.m2/repository/io/smallrye/reactive/smallrye-reactive-messaging-provider/4.27.0/smallrye-reactive-messaging-provider-4.27.0.jar:/Users/scott.gerring/.m2/repository/io/smallrye/reactive/smallrye-reactive-messaging-api/4.27.0/smallrye-reactive-messaging-api-4.27.0.jar:/Users/scott.gerring/.m2/repository/jakarta/annotation/jakarta.annotation-api/3.0.0/jakarta.annotation-api-3.0.0.jar:/Users/scott.gerring/.m2/repository/io/quarkiverse/amazonservices/quarkus-amazon-s3/3.5.0/quarkus-amazon-s3-3.5.0.jar:/Users/scott.gerring/.m2/repository/io/quarkiverse/amazonservices/quarkus-amazon-common/3.5.0/quarkus-amazon-common-3.5.0.jar:/Users/scott.gerring/.m2/repository/software/amazon/awssdk/sdk-core/2.31.30/sdk-core-2.31.30.jar:/Users/scott.gerring/.m2/repository/software/amazon/awssdk/retries/2.31.30/retries-2.31.30.jar:/Users/scott.gerring/.m2/repository/software/amazon/awssdk/aws-core/2.31.30/aws-core-2.31.30.jar:/Users/scott.gerring/.m2/repository/software/amazon/eventstream/eventstream/1.0.1/eventstream-1.0.1.jar:/Users/scott.gerring/.m2/repository/software/amazon/awssdk/regions/2.31.30/regions-2.31.30.jar:/Users/scott.gerring/.m2/repository/software/amazon/awssdk/auth/2.31.30/auth-2.31.30.jar:/Users/scott.gerring/.m2/repository/software/amazon/awssdk/http-auth-aws-eventstream/2.31.30/http-auth-aws-eventstream-2.31.30.jar:/Users/scott.gerring/.m2/repository/io/quarkiverse/amazonservices/quarkus-amazon-common-spi/3.5.0/quarkus-amazon-common-spi-3.5.0.jar:/Users/scott.gerring/.m2/repository/software/amazon/awssdk/s3/2.31.30/s3-2.31.30.jar:/Users/scott.gerring/.m2/repository/software/amazon/awssdk/aws-xml-protocol/2.31.30/aws-xml-protocol-2.31.30.jar:/Users/scott.gerring/.m2/repository/software/amazon/awssdk/aws-query-protocol/2.31.30/aws-query-protocol-2.31.30.jar:/Users/scott.gerring/.m2/repository/software/amazon/awssdk/protocol-core/2.31.30/protocol-core-2.31.30.jar:/Users/scott.gerring/.m2/repository/software/amazon/awssdk/arns/2.31.30/arns-2.31.30.jar:/Users/scott.gerring/.m2/repository/software/amazon/awssdk/profiles/2.31.30/profiles-2.31.30.jar:/Users/scott.gerring/.m2/repository/software/amazon/awssdk/crt-core/2.31.30/crt-core-2.31.30.jar:/Users/scott.gerring/.m2/repository/software/amazon/awssdk/http-auth/2.31.30/http-auth-2.31.30.jar:/Users/scott.gerring/.m2/repository/software/amazon/awssdk/identity-spi/2.31.30/identity-spi-2.31.30.jar:/Users/scott.gerring/.m2/repository/software/amazon/awssdk/http-auth-spi/2.31.30/http-auth-spi-2.31.30.jar:/Users/scott.gerring/.m2/repository/software/amazon/awssdk/http-auth-aws/2.31.30/http-auth-aws-2.31.30.jar:/Users/scott.gerring/.m2/repository/software/amazon/awssdk/checksums/2.31.30/checksums-2.31.30.jar:/Users/scott.gerring/.m2/repository/software/amazon/awssdk/checksums-spi/2.31.30/checksums-spi-2.31.30.jar:/Users/scott.gerring/.m2/repository/software/amazon/awssdk/retries-spi/2.31.30/retries-spi-2.31.30.jar:/Users/scott.gerring/.m2/repository/software/amazon/awssdk/metrics-spi/2.31.30/metrics-spi-2.31.30.jar:/Users/scott.gerring/.m2/repository/software/amazon/awssdk/json-utils/2.31.30/json-utils-2.31.30.jar:/Users/scott.gerring/.m2/repository/software/amazon/awssdk/third-party-jackson-core/2.31.30/third-party-jackson-core-2.31.30.jar:/Users/scott.gerring/.m2/repository/software/amazon/awssdk/endpoints-spi/2.31.30/endpoints-spi-2.31.30.jar:/Users/scott.gerring/.m2/repository/org/jboss/logging/commons-logging-jboss-logging/1.0.0.Final/commons-logging-jboss-logging-1.0.0.Final.jar:/Users/scott.gerring/.m2/repository/software/amazon/awssdk/url-connection-client/2.31.30/url-connection-client-2.31.30.jar:/Users/scott.gerring/.m2/repository/software/amazon/awssdk/utils/2.31.30/utils-2.31.30.jar:/Users/scott.gerring/.m2/repository/org/reactivestreams/reactive-streams/1.0.4/reactive-streams-1.0.4.jar:/Users/scott.gerring/.m2/repository/software/amazon/awssdk/annotations/2.31.30/annotations-2.31.30.jar:/Users/scott.gerring/.m2/repository/software/amazon/awssdk/http-client-spi/2.31.30/http-client-spi-2.31.30.jar:/Users/scott.gerring/.m2/repository/io/quarkus/quarkus-junit5/3.22.1/quarkus-junit5-3.22.1.jar:/Users/scott.gerring/.m2/repository/io/quarkus/quarkus-bootstrap-core/3.22.1/quarkus-bootstrap-core-3.22.1.jar:/Users/scott.gerring/.m2/repository/io/quarkus/quarkus-classloader-commons/3.22.1/quarkus-classloader-commons-3.22.1.jar:/Users/scott.gerring/.m2/repository/io/quarkus/quarkus-bootstrap-app-model/3.22.1/quarkus-bootstrap-app-model-3.22.1.jar:/Users/scott.gerring/.m2/repository/io/smallrye/common/smallrye-common-io/2.12.0/smallrye-common-io-2.12.0.jar:/Users/scott.gerring/.m2/repository/org/eclipse/sisu/org.eclipse.sisu.inject/0.9.0.M3/org.eclipse.sisu.inject-0.9.0.M3.jar:/Users/scott.gerring/.m2/repository/io/quarkus/quarkus-test-common/3.22.1/quarkus-test-common-3.22.1.jar:/Users/scott.gerring/.m2/repository/io/quarkus/quarkus-core-deployment/3.22.1/quarkus-core-deployment-3.22.1.jar:/Users/scott.gerring/.m2/repository/org/aesh/readline/2.6/readline-2.6.jar:/Users/scott.gerring/.m2/repository/org/fusesource/jansi/jansi/2.4.0/jansi-2.4.0.jar:/Users/scott.gerring/.m2/repository/org/aesh/aesh/2.8.2/aesh-2.8.2.jar:/Users/scott.gerring/.m2/repository/io/quarkus/gizmo/gizmo/1.9.0/gizmo-1.9.0.jar:/Users/scott.gerring/.m2/repository/org/ow2/asm/asm-util/9.8/asm-util-9.8.jar:/Users/scott.gerring/.m2/repository/org/ow2/asm/asm-analysis/9.8/asm-analysis-9.8.jar:/Users/scott.gerring/.m2/repository/org/ow2/asm/asm/9.8/asm-9.8.jar:/Users/scott.gerring/.m2/repository/org/ow2/asm/asm-commons/9.8/asm-commons-9.8.jar:/Users/scott.gerring/.m2/repository/org/ow2/asm/asm-tree/9.8/asm-tree-9.8.jar:/Users/scott.gerring/.m2/repository/io/quarkus/quarkus-hibernate-validator-spi/3.22.1/quarkus-hibernate-validator-spi-3.22.1.jar:/Users/scott.gerring/.m2/repository/io/quarkus/quarkus-class-change-agent/3.22.1/quarkus-class-change-agent-3.22.1.jar:/Users/scott.gerring/.m2/repository/io/quarkus/quarkus-devtools-utilities/3.22.1/quarkus-devtools-utilities-3.22.1.jar:/Users/scott.gerring/.m2/repository/io/quarkus/quarkus-builder/3.22.1/quarkus-builder-3.22.1.jar:/Users/scott.gerring/.m2/repository/org/graalvm/sdk/nativeimage/23.1.2/nativeimage-23.1.2.jar:/Users/scott.gerring/.m2/repository/org/graalvm/sdk/word/23.1.2/word-23.1.2.jar:/Users/scott.gerring/.m2/repository/org/junit/platform/junit-platform-launcher/1.12.2/junit-platform-launcher-1.12.2.jar:/Users/scott.gerring/.m2/repository/io/quarkus/quarkus-bootstrap-maven-resolver/3.22.1/quarkus-bootstrap-maven-resolver-3.22.1.jar:/Users/scott.gerring/.m2/repository/io/smallrye/beanbag/smallrye-beanbag-maven/1.5.2/smallrye-beanbag-maven-1.5.2.jar:/Users/scott.gerring/.m2/repository/io/smallrye/beanbag/smallrye-beanbag-sisu/1.5.2/smallrye-beanbag-sisu-1.5.2.jar:/Users/scott.gerring/.m2/repository/io/smallrye/beanbag/smallrye-beanbag/1.5.2/smallrye-beanbag-1.5.2.jar:/Users/scott.gerring/.m2/repository/javax/inject/javax.inject/1/javax.inject-1.jar:/Users/scott.gerring/.m2/repository/org/apache/maven/maven-artifact/3.9.9/maven-artifact-3.9.9.jar:/Users/scott.gerring/.m2/repository/org/apache/maven/maven-builder-support/3.9.9/maven-builder-support-3.9.9.jar:/Users/scott.gerring/.m2/repository/org/apache/maven/maven-model/3.9.9/maven-model-3.9.9.jar:/Users/scott.gerring/.m2/repository/org/apache/maven/maven-model-builder/3.9.9/maven-model-builder-3.9.9.jar:/Users/scott.gerring/.m2/repository/org/apache/maven/maven-repository-metadata/3.9.9/maven-repository-metadata-3.9.9.jar:/Users/scott.gerring/.m2/repository/org/apache/maven/maven-settings/3.9.9/maven-settings-3.9.9.jar:/Users/scott.gerring/.m2/repository/org/apache/maven/resolver/maven-resolver-api/1.9.22/maven-resolver-api-1.9.22.jar:/Users/scott.gerring/.m2/repository/org/apache/maven/resolver/maven-resolver-impl/1.9.22/maven-resolver-impl-1.9.22.jar:/Users/scott.gerring/.m2/repository/org/apache/maven/resolver/maven-resolver-named-locks/1.9.22/maven-resolver-named-locks-1.9.22.jar:/Users/scott.gerring/.m2/repository/org/apache/maven/resolver/maven-resolver-spi/1.9.22/maven-resolver-spi-1.9.22.jar:/Users/scott.gerring/.m2/repository/org/apache/maven/resolver/maven-resolver-util/1.9.22/maven-resolver-util-1.9.22.jar:/Users/scott.gerring/.m2/repository/org/apache/maven/resolver/maven-resolver-transport-http/1.9.20/maven-resolver-transport-http-1.9.20.jar:/Users/scott.gerring/.m2/repository/org/apache/maven/wagon/wagon-provider-api/3.5.3/wagon-provider-api-3.5.3.jar:/Users/scott.gerring/.m2/repository/org/apache/maven/wagon/wagon-http-shared/3.5.3/wagon-http-shared-3.5.3.jar:/Users/scott.gerring/.m2/repository/org/codehaus/plexus/plexus-interpolation/1.26/plexus-interpolation-1.26.jar:/Users/scott.gerring/.m2/repository/org/codehaus/plexus/plexus-utils/3.5.1/plexus-utils-3.5.1.jar:/Users/scott.gerring/.m2/repository/org/codehaus/plexus/plexus-xml/4.0.1/plexus-xml-4.0.1.jar:/Users/scott.gerring/.m2/repository/org/apache/maven/maven-xml-impl/4.0.0-alpha-5/maven-xml-impl-4.0.0-alpha-5.jar:/Users/scott.gerring/.m2/repository/org/apache/maven/maven-api-xml/4.0.0-alpha-5/maven-api-xml-4.0.0-alpha-5.jar:/Users/scott.gerring/.m2/repository/org/apache/maven/maven-api-meta/4.0.0-alpha-5/maven-api-meta-4.0.0-alpha-5.jar:/Users/scott.gerring/.m2/repository/org/codehaus/plexus/plexus-cipher/2.0/plexus-cipher-2.0.jar:/Users/scott.gerring/.m2/repository/org/codehaus/plexus/plexus-sec-dispatcher/2.0/plexus-sec-dispatcher-2.0.jar:/Users/scott.gerring/.m2/repository/org/apache/maven/maven-embedder/3.9.9/maven-embedder-3.9.9.jar:/Users/scott.gerring/.m2/repository/org/apache/maven/maven-core/3.9.9/maven-core-3.9.9.jar:/Users/scott.gerring/.m2/repository/org/codehaus/plexus/plexus-component-annotations/2.1.0/plexus-component-annotations-2.1.0.jar:/Users/scott.gerring/.m2/repository/org/apache/maven/maven-plugin-api/3.9.9/maven-plugin-api-3.9.9.jar:/Users/scott.gerring/.m2/repository/org/apache/maven/shared/maven-shared-utils/3.4.2/maven-shared-utils-3.4.2.jar:/Users/scott.gerring/.m2/repository/com/google/inject/guice/5.1.0/guice-5.1.0.jar:/Users/scott.gerring/.m2/repository/aopalliance/aopalliance/1.0/aopalliance-1.0.jar:/Users/scott.gerring/.m2/repository/com/google/guava/guava/33.4.8-jre/guava-33.4.8-jre.jar:/Users/scott.gerring/.m2/repository/com/google/guava/failureaccess/1.0.1/failureaccess-1.0.1.jar:/Users/scott.gerring/.m2/repository/javax/annotation/javax.annotation-api/1.3.2/javax.annotation-api-1.3.2.jar:/Users/scott.gerring/.m2/repository/org/codehaus/plexus/plexus-classworlds/2.6.0/plexus-classworlds-2.6.0.jar:/Users/scott.gerring/.m2/repository/commons-cli/commons-cli/1.8.0/commons-cli-1.8.0.jar:/Users/scott.gerring/.m2/repository/org/eclipse/sisu/org.eclipse.sisu.plexus/0.9.0.M3/org.eclipse.sisu.plexus-0.9.0.M3.jar:/Users/scott.gerring/.m2/repository/org/apache/maven/maven-settings-builder/3.9.9/maven-settings-builder-3.9.9.jar:/Users/scott.gerring/.m2/repository/org/apache/maven/maven-resolver-provider/3.9.9/maven-resolver-provider-3.9.9.jar:/Users/scott.gerring/.m2/repository/org/apache/maven/resolver/maven-resolver-connector-basic/1.9.22/maven-resolver-connector-basic-1.9.22.jar:/Users/scott.gerring/.m2/repository/org/apache/maven/resolver/maven-resolver-transport-wagon/1.9.22/maven-resolver-transport-wagon-1.9.22.jar:/Users/scott.gerring/.m2/repository/org/apache/maven/wagon/wagon-http/3.5.3/wagon-http-3.5.3.jar:/Users/scott.gerring/.m2/repository/org/apache/maven/wagon/wagon-file/3.5.3/wagon-file-3.5.3.jar:/Users/scott.gerring/.m2/repository/io/quarkus/quarkus-bootstrap-gradle-resolver/3.22.1/quarkus-bootstrap-gradle-resolver-3.22.1.jar:/Users/scott.gerring/.m2/repository/commons-io/commons-io/2.19.0/commons-io-2.19.0.jar:/Users/scott.gerring/.m2/repository/io/quarkus/quarkus-junit5-config/3.22.1/quarkus-junit5-config-3.22.1.jar:/Users/scott.gerring/.m2/repository/org/junit/jupiter/junit-jupiter-api/5.12.2/junit-jupiter-api-5.12.2.jar:/Users/scott.gerring/.m2/repository/org/opentest4j/opentest4j/1.3.0/opentest4j-1.3.0.jar:/Users/scott.gerring/.m2/repository/org/junit/platform/junit-platform-commons/1.12.2/junit-platform-commons-1.12.2.jar:/Users/scott.gerring/.m2/repository/org/apiguardian/apiguardian-api/1.1.2/apiguardian-api-1.1.2.jar:/Users/scott.gerring/.m2/repository/org/junit/jupiter/junit-jupiter/5.12.2/junit-jupiter-5.12.2.jar:/Users/scott.gerring/.m2/repository/org/junit/jupiter/junit-jupiter-params/5.12.2/junit-jupiter-params-5.12.2.jar:/Users/scott.gerring/.m2/repository/org/junit/jupiter/junit-jupiter-engine/5.12.2/junit-jupiter-engine-5.12.2.jar:/Users/scott.gerring/.m2/repository/org/junit/platform/junit-platform-engine/1.12.2/junit-platform-engine-1.12.2.jar:/Users/scott.gerring/.m2/repository/io/rest-assured/rest-assured/5.5.1/rest-assured-5.5.1.jar:/Users/scott.gerring/.m2/repository/org/apache/groovy/groovy/4.0.22/groovy-4.0.22.jar:/Users/scott.gerring/.m2/repository/org/apache/groovy/groovy-xml/4.0.22/groovy-xml-4.0.22.jar:/Users/scott.gerring/.m2/repository/org/apache/httpcomponents/httpclient/4.5.14/httpclient-4.5.14.jar:/Users/scott.gerring/.m2/repository/org/apache/httpcomponents/httpcore/4.4.16/httpcore-4.4.16.jar:/Users/scott.gerring/.m2/repository/commons-codec/commons-codec/1.18.0/commons-codec-1.18.0.jar:/Users/scott.gerring/.m2/repository/org/apache/httpcomponents/httpmime/4.5.14/httpmime-4.5.14.jar:/Users/scott.gerring/.m2/repository/org/hamcrest/hamcrest/2.2/hamcrest-2.2.jar:/Users/scott.gerring/.m2/repository/org/ccil/cowan/tagsoup/tagsoup/1.2.1/tagsoup-1.2.1.jar:/Users/scott.gerring/.m2/repository/io/rest-assured/json-path/5.5.1/json-path-5.5.1.jar:/Users/scott.gerring/.m2/repository/org/apache/groovy/groovy-json/4.0.22/groovy-json-4.0.22.jar:/Users/scott.gerring/.m2/repository/io/rest-assured/rest-assured-common/5.5.1/rest-assured-common-5.5.1.jar:/Users/scott.gerring/.m2/repository/io/rest-assured/xml-path/5.5.1/xml-path-5.5.1.jar:/Users/scott.gerring/.m2/repository/org/apache/commons/commons-lang3/3.17.0/commons-lang3-3.17.0.jar:/Users/scott.gerring/.m2/repository/io/quarkus/quarkus-junit5-mockito/3.22.1/quarkus-junit5-mockito-3.22.1.jar:/Users/scott.gerring/.m2/repository/org/mockito/mockito-junit-jupiter/5.17.0/mockito-junit-jupiter-5.17.0.jar:/Users/scott.gerring/.m2/repository/io/quarkus/quarkus-junit5-mockito-config/3.22.1/quarkus-junit5-mockito-config-3.22.1.jar:/Users/scott.gerring/.m2/repository/io/quarkus/quarkus-arc-deployment/3.22.1/quarkus-arc-deployment-3.22.1.jar:/Users/scott.gerring/.m2/repository/io/quarkus/quarkus-smallrye-context-propagation-spi/3.22.1/quarkus-smallrye-context-propagation-spi-3.22.1.jar:/Users/scott.gerring/.m2/repository/io/quarkus/quarkus-vertx-http-dev-ui-spi/3.22.1/quarkus-vertx-http-dev-ui-spi-3.22.1.jar:/Users/scott.gerring/.m2/repository/io/quarkus/arc/arc-processor/3.22.1/arc-processor-3.22.1.jar:/Users/scott.gerring/.m2/repository/io/quarkus/quarkus-mutiny/3.22.1/quarkus-mutiny-3.22.1.jar:/Users/scott.gerring/.m2/repository/io/quarkus/quarkus-smallrye-context-propagation/3.22.1/quarkus-smallrye-context-propagation-3.22.1.jar:/Users/scott.gerring/.m2/repository/io/smallrye/smallrye-context-propagation/2.2.1/smallrye-context-propagation-2.2.1.jar:/Users/scott.gerring/.m2/repository/io/smallrye/smallrye-context-propagation-api/2.2.1/smallrye-context-propagation-api-2.2.1.jar:/Users/scott.gerring/.m2/repository/io/smallrye/smallrye-context-propagation-storage/2.2.1/smallrye-context-propagation-storage-2.2.1.jar:/Users/scott.gerring/.m2/repository/io/smallrye/reactive/mutiny-smallrye-context-propagation/2.8.0/mutiny-smallrye-context-propagation-2.8.0.jar:/Users/scott.gerring/.m2/repository/org/awaitility/awaitility/4.3.0/awaitility-4.3.0.jar:/Users/scott.gerring/.m2/repository/org/mockito/mockito-core/5.17.0/mockito-core-5.17.0.jar:/Users/scott.gerring/.m2/repository/net/bytebuddy/byte-buddy-agent/1.15.11/byte-buddy-agent-1.15.11.jar:/Users/scott.gerring/.m2/repository/org/objenesis/objenesis/3.3/objenesis-3.3.jar:/Users/scott.gerring/.m2/repository/com/tngtech/archunit/archunit-junit5/1.3.0/archunit-junit5-1.3.0.jar:/Users/scott.gerring/.m2/repository/com/tngtech/archunit/archunit-junit5-api/1.3.0/archunit-junit5-api-1.3.0.jar:/Users/scott.gerring/.m2/repository/com/tngtech/archunit/archunit/1.3.0/archunit-1.3.0.jar:/Users/scott.gerring/.m2/repository/com/tngtech/archunit/archunit-junit5-engine/1.3.0/archunit-junit5-engine-1.3.0.jar:/Users/scott.gerring/.m2/repository/com/tngtech/archunit/archunit-junit5-engine-api/1.3.0/archunit-junit5-engine-api-1.3.0.jar:"/>
    <property name="sun.cpu.endian" value="little"/>
    <property name="vertx.disableWebsockets" value="true"/>
    <property name="user.home" value="/Users/scott.gerring"/>
    <property name="user.language" value="en"/>
    <property name="jboss.log-version" value="false"/>
    <property name="java.specification.vendor" value="Oracle Corporation"/>
    <property name="io.netty.allocator.maxOrder" value="3"/>
    <property name="java.version.date" value="2024-09-17"/>
    <property name="java.home" value="/Users/scott.gerring/.sdkman/candidates/java/23-oracle"/>
    <property name="file.separator" value="/"/>
    <property name="basedir" value="/Users/scott.gerring/Documents/code/stickerlandia/sticker-catalogue"/>
    <property name="java.vm.compressedOopsMode" value="Zero based"/>
    <property name="line.separator" value="&#10;"/>
    <property name="java.vm.specification.vendor" value="Oracle Corporation"/>
    <property name="java.specification.name" value="Java Platform API Specification"/>
    <property name="io.netty.allocator.disableCacheFinalizersForFastThreadLocalThreads" value="true"/>
    <property name="apple.awt.application.name" value="ForkedBooter"/>
    <property name="surefire.real.class.path" value="/Users/scott.gerring/Documents/code/stickerlandia/sticker-catalogue/target/surefire/surefirebooter-20250723144814133_3.jar"/>
    <property name="sun.management.compiler" value="HotSpot 64-Bit Tiered Compilers"/>
    <property name="ftp.nonProxyHosts" value="local|*.local|169.254/16|*.169.254/16"/>
    <property name="java.runtime.version" value="23+37-2369"/>
    <property name="user.name" value="scott.gerring"/>
    <property name="stdout.encoding" value="UTF-8"/>
    <property name="path.separator" value=":"/>
    <property name="os.version" value="15.5"/>
    <property name="java.runtime.name" value="Java(TM) SE Runtime Environment"/>
    <property name="file.encoding" value="UTF-8"/>
    <property name="java.vm.name" value="Java HotSpot(TM) 64-Bit Server VM"/>
    <property name="localRepository" value="/Users/scott.gerring/.m2/repository"/>
    <property name="java.vendor.url.bug" value="https://bugreport.java.com/bugreport/"/>
    <property name="java.io.tmpdir" value="/var/folders/vv/f7kvc2j156b0w0dzk5_tlwj80000gp/T/"/>
    <property name="quarkus.log.file.path" value="target/quarkus.log"/>
    <property name="java.version" value="23"/>
    <property name="java.util.concurrent.ForkJoinPool.common.threadFactory" value="io.quarkus.bootstrap.forkjoin.QuarkusForkJoinWorkerThreadFactory"/>
    <property name="user.dir" value="/Users/scott.gerring/Documents/code/stickerlandia/sticker-catalogue"/>
    <property name="os.arch" value="aarch64"/>
    <property name="java.vm.specification.name" value="Java Virtual Machine Specification"/>
    <property name="vertx.disableDnsResolver" value="true"/>
    <property name="native.encoding" value="UTF-8"/>
    <property name="java.util.logging.manager" value="org.jboss.logmanager.LogManager"/>
    <property name="java.library.path" value="/Users/scott.gerring/Library/Java/Extensions:/Library/Java/Extensions:/Network/Library/Java/Extensions:/System/Library/Java/Extensions:/usr/lib/java:."/>
    <property name="jdk.console" value="java.base"/>
    <property name="java.vm.info" value="mixed mode, sharing"/>
    <property name="stderr.encoding" value="UTF-8"/>
    <property name="java.vendor" value="Oracle Corporation"/>
    <property name="vertx.disableTCCL" value="true"/>
    <property name="java.vm.version" value="23+37-2369"/>
    <property name="vertx.logger-delegate-factory-class-name" value="io.quarkus.vertx.core.runtime.VertxLogDelegateFactory"/>
    <property name="sun.io.unicode.encoding" value="UnicodeBig"/>
    <property name="io.netty.machineId" value="0c:84:9b:4f:13:6d:04:e1"/>
    <property name="socksNonProxyHosts" value="local|*.local|169.254/16|*.169.254/16"/>
    <property name="java.class.version" value="67.0"/>
  </properties>
  <testcase name="testGetNonExistingStickerMetadataReturns404" classname="com.datadoghq.stickerlandia.stickercatalogue.StickerResourceTest" time="0.13">
    <system-out><![CDATA[&amp#27;[35m[Hibernate]&amp#27;[0m 
    &amp#27;[34mselect&amp#27;[0m
        s1_0.sticker_id,
        s1_0.created_at,
        s1_0.description,
        s1_0.image_key,
        s1_0.image_url,
        s1_0.name,
        s1_0.sticker_quantity_remaining,
        s1_0.updated_at 
    &amp#27;[34mfrom&amp#27;[0m
        stickers s1_0 
    &amp#27;[34mwhere&amp#27;[0m
        s1_0.sticker_id=?
&amp#27;[35m[Hibernate]&amp#27;[0m 
    &amp#27;[34minsert&amp#27;[0m 
    &amp#27;[34minto&amp#27;[0m
        stickers
        (created_at, description, image_key, image_url, name, sticker_quantity_remaining, updated_at, sticker_id) 
    &amp#27;[34mvalues&amp#27;[0m
        (?, ?, ?, ?, ?, ?, ?, ?)
&amp#27;[35m[Hibernate]&amp#27;[0m 
    &amp#27;[34mselect&amp#27;[0m
        s1_0.sticker_id,
        s1_0.created_at,
        s1_0.description,
        s1_0.image_key,
        s1_0.image_url,
        s1_0.name,
        s1_0.sticker_quantity_remaining,
        s1_0.updated_at 
    &amp#27;[34mfrom&amp#27;[0m
        stickers s1_0 
    &amp#27;[34mwhere&amp#27;[0m
        s1_0.sticker_id=?
]]></system-out>
  </testcase>
  <testcase name="testCreateSticker" classname="com.datadoghq.stickerlandia.stickercatalogue.StickerResourceTest" time="0.072">
    <system-out><![CDATA[&amp#27;[35m[Hibernate]&amp#27;[0m 
    &amp#27;[34mselect&amp#27;[0m
        s1_0.sticker_id,
        s1_0.created_at,
        s1_0.description,
        s1_0.image_key,
        s1_0.image_url,
        s1_0.name,
        s1_0.sticker_quantity_remaining,
        s1_0.updated_at 
    &amp#27;[34mfrom&amp#27;[0m
        stickers s1_0 
    &amp#27;[34mwhere&amp#27;[0m
        s1_0.sticker_id=?
&amp#27;[35m[Hibernate]&amp#27;[0m 
    &amp#27;[34minsert&amp#27;[0m 
    &amp#27;[34minto&amp#27;[0m
        stickers
        (created_at, description, image_key, image_url, name, sticker_quantity_remaining, updated_at, sticker_id) 
    &amp#27;[34mvalues&amp#27;[0m
        (?, ?, ?, ?, ?, ?, ?, ?)
]]></system-out>
  </testcase>
  <testcase name="testGetImageForNonExistingStickerReturns404" classname="com.datadoghq.stickerlandia.stickercatalogue.StickerResourceTest" time="0.021">
    <system-out><![CDATA[&amp#27;[35m[Hibernate]&amp#27;[0m 
    &amp#27;[34mselect&amp#27;[0m
        s1_0.sticker_id,
        s1_0.created_at,
        s1_0.description,
        s1_0.image_key,
        s1_0.image_url,
        s1_0.name,
        s1_0.sticker_quantity_remaining,
        s1_0.updated_at 
    &amp#27;[34mfrom&amp#27;[0m
        stickers s1_0 
    &amp#27;[34mwhere&amp#27;[0m
        s1_0.sticker_id=?
&amp#27;[35m[Hibernate]&amp#27;[0m 
    &amp#27;[34mselect&amp#27;[0m
        s1_0.sticker_id,
        s1_0.created_at,
        s1_0.description,
        s1_0.image_key,
        s1_0.image_url,
        s1_0.name,
        s1_0.sticker_quantity_remaining,
        s1_0.updated_at 
    &amp#27;[34mfrom&amp#27;[0m
        stickers s1_0 
    &amp#27;[34mwhere&amp#27;[0m
        s1_0.sticker_id=?
]]></system-out>
  </testcase>
  <testcase name="testUpdateNonExistingStickerReturns404" classname="com.datadoghq.stickerlandia.stickercatalogue.StickerResourceTest" time="0.026">
    <system-out><![CDATA[&amp#27;[35m[Hibernate]&amp#27;[0m 
    &amp#27;[34mselect&amp#27;[0m
        s1_0.sticker_id,
        s1_0.created_at,
        s1_0.description,
        s1_0.image_key,
        s1_0.image_url,
        s1_0.name,
        s1_0.sticker_quantity_remaining,
        s1_0.updated_at 
    &amp#27;[34mfrom&amp#27;[0m
        stickers s1_0 
    &amp#27;[34mwhere&amp#27;[0m
        s1_0.sticker_id=?
&amp#27;[35m[Hibernate]&amp#27;[0m 
    &amp#27;[34mselect&amp#27;[0m
        s1_0.sticker_id,
        s1_0.created_at,
        s1_0.description,
        s1_0.image_key,
        s1_0.image_url,
        s1_0.name,
        s1_0.sticker_quantity_remaining,
        s1_0.updated_at 
    &amp#27;[34mfrom&amp#27;[0m
        stickers s1_0 
    &amp#27;[34mwhere&amp#27;[0m
        s1_0.sticker_id=?
]]></system-out>
  </testcase>
  <testcase name="testGetExistingStickerMetadata" classname="com.datadoghq.stickerlandia.stickercatalogue.StickerResourceTest" time="0.021">
    <system-out><![CDATA[&amp#27;[35m[Hibernate]&amp#27;[0m 
    &amp#27;[34mselect&amp#27;[0m
        s1_0.sticker_id,
        s1_0.created_at,
        s1_0.description,
        s1_0.image_key,
        s1_0.image_url,
        s1_0.name,
        s1_0.sticker_quantity_remaining,
        s1_0.updated_at 
    &amp#27;[34mfrom&amp#27;[0m
        stickers s1_0 
    &amp#27;[34mwhere&amp#27;[0m
        s1_0.sticker_id=?
&amp#27;[35m[Hibernate]&amp#27;[0m 
    &amp#27;[34mselect&amp#27;[0m
        s1_0.sticker_id,
        s1_0.created_at,
        s1_0.description,
        s1_0.image_key,
        s1_0.image_url,
        s1_0.name,
        s1_0.sticker_quantity_remaining,
        s1_0.updated_at 
    &amp#27;[34mfrom&amp#27;[0m
        stickers s1_0 
    &amp#27;[34mwhere&amp#27;[0m
        s1_0.sticker_id=?
]]></system-out>
  </testcase>
  <testcase name="testGetAllStickers" classname="com.datadoghq.stickerlandia.stickercatalogue.StickerResourceTest" time="0.124">
    <system-out><![CDATA[&amp#27;[35m[Hibernate]&amp#27;[0m 
    &amp#27;[34mselect&amp#27;[0m
        s1_0.sticker_id,
        s1_0.created_at,
        s1_0.description,
        s1_0.image_key,
        s1_0.image_url,
        s1_0.name,
        s1_0.sticker_quantity_remaining,
        s1_0.updated_at 
    &amp#27;[34mfrom&amp#27;[0m
        stickers s1_0 
    &amp#27;[34mwhere&amp#27;[0m
        s1_0.sticker_id=?
&amp#27;[35m[Hibernate]&amp#27;[0m 
    &amp#27;[34mselect&amp#27;[0m
        s1_0.sticker_id,
        s1_0.created_at,
        s1_0.description,
        s1_0.image_key,
        s1_0.image_url,
        s1_0.name,
        s1_0.sticker_quantity_remaining,
        s1_0.updated_at 
    &amp#27;[34mfrom&amp#27;[0m
        stickers s1_0 
    &amp#27;[34morder&amp#27;[0m &amp#27;[34mby&amp#27;[0m
        s1_0.created_at desc 
    &amp#27;[34moffset&amp#27;[0m
        ? &amp#27;[34mrows&amp#27;[0m 
    &amp#27;[34mfetch&amp#27;[0m
        first ? &amp#27;[34mrows&amp#27;[0m &amp#27;[34monly&amp#27;[0m
]]></system-out>
  </testcase>
  <testcase name="testUploadImageForNonExistingStickerReturns404" classname="com.datadoghq.stickerlandia.stickercatalogue.StickerResourceTest" time="0.021">
    <system-out><![CDATA[&amp#27;[35m[Hibernate]&amp#27;[0m 
    &amp#27;[34mselect&amp#27;[0m
        s1_0.sticker_id,
        s1_0.created_at,
        s1_0.description,
        s1_0.image_key,
        s1_0.image_url,
        s1_0.name,
        s1_0.sticker_quantity_remaining,
        s1_0.updated_at 
    &amp#27;[34mfrom&amp#27;[0m
        stickers s1_0 
    &amp#27;[34mwhere&amp#27;[0m
        s1_0.sticker_id=?
&amp#27;[35m[Hibernate]&amp#27;[0m 
    &amp#27;[34mselect&amp#27;[0m
        s1_0.sticker_id,
        s1_0.created_at,
        s1_0.description,
        s1_0.image_key,
        s1_0.image_url,
        s1_0.name,
        s1_0.sticker_quantity_remaining,
        s1_0.updated_at 
    &amp#27;[34mfrom&amp#27;[0m
        stickers s1_0 
    &amp#27;[34mwhere&amp#27;[0m
        s1_0.sticker_id=?
]]></system-out>
  </testcase>
  <testcase name="testDeleteNonExistingStickerReturns404" classname="com.datadoghq.stickerlandia.stickercatalogue.StickerResourceTest" time="0.017">
    <system-out><![CDATA[&amp#27;[35m[Hibernate]&amp#27;[0m 
    &amp#27;[34mselect&amp#27;[0m
        s1_0.sticker_id,
        s1_0.created_at,
        s1_0.description,
        s1_0.image_key,
        s1_0.image_url,
        s1_0.name,
        s1_0.sticker_quantity_remaining,
        s1_0.updated_at 
    &amp#27;[34mfrom&amp#27;[0m
        stickers s1_0 
    &amp#27;[34mwhere&amp#27;[0m
        s1_0.sticker_id=?
&amp#27;[35m[Hibernate]&amp#27;[0m 
    &amp#27;[34mselect&amp#27;[0m
        s1_0.sticker_id,
        s1_0.created_at,
        s1_0.description,
        s1_0.image_key,
        s1_0.image_url,
        s1_0.name,
        s1_0.sticker_quantity_remaining,
        s1_0.updated_at 
    &amp#27;[34mfrom&amp#27;[0m
        stickers s1_0 
    &amp#27;[34mwhere&amp#27;[0m
        s1_0.sticker_id=?
]]></system-out>
  </testcase>
  <testcase name="testGetImageForStickerWithoutImageReturns404" classname="com.datadoghq.stickerlandia.stickercatalogue.StickerResourceTest" time="0.016">
    <system-out><![CDATA[&amp#27;[35m[Hibernate]&amp#27;[0m 
    &amp#27;[34mselect&amp#27;[0m
        s1_0.sticker_id,
        s1_0.created_at,
        s1_0.description,
        s1_0.image_key,
        s1_0.image_url,
        s1_0.name,
        s1_0.sticker_quantity_remaining,
        s1_0.updated_at 
    &amp#27;[34mfrom&amp#27;[0m
        stickers s1_0 
    &amp#27;[34mwhere&amp#27;[0m
        s1_0.sticker_id=?
&amp#27;[35m[Hibernate]&amp#27;[0m 
    &amp#27;[34mselect&amp#27;[0m
        s1_0.sticker_id,
        s1_0.created_at,
        s1_0.description,
        s1_0.image_key,
        s1_0.image_url,
        s1_0.name,
        s1_0.sticker_quantity_remaining,
        s1_0.updated_at 
    &amp#27;[34mfrom&amp#27;[0m
        stickers s1_0 
    &amp#27;[34mwhere&amp#27;[0m
        s1_0.sticker_id=?
]]></system-out>
  </testcase>
</testsuite>